<?xml version="1.0" encoding="UTF-8" ?>
<testsuite errors="0" failures="1" hostname="dmanicalt" name="org.atgas.store.neo4j.StoreFactoryTest" tests="1" time="4.082" timestamp="2012-01-27T19:56:10">
  <properties>
    <property name="line.separator.ivy.instance" value="&#xa;" />
    <property name="libs.swing-layout.javadoc" value="/home/ken/netbeans-7.1/platform/docs/swing-layout-1.0.4-doc.zip" />
    <property name="os.name" value="Linux" />
    <property name="libs.cdc-ant-utils.maven-pom" value="" />
    <property name="sun.os.patch.level" value="unknown" />
    <property name="libs.absolutelayout.maven-pom" value="" />
    <property name="ivy.version" value="2.1.0" />
    <property name="javac.processorpath" value="../../atgas-core/atgas-store-interface/dist/atgas-store-interface.jar:/home/ken/netbeans-7.1/platform/modules/ext/junit-4.10.jar:/home/ken/NetBeansProjects/atgas-implementations/atgas-store-neo4j/build/jar/neo4j-1.6.jar:/home/ken/NetBeansProjects/atgas-implementations/atgas-store-neo4j/build/jar/neo4j-jmx-1.6.jar:/home/ken/NetBeansProjects/atgas-implementations/atgas-store-neo4j/build/jar/neo4j-cypher-1.6.jar:/home/ken/NetBeansProjects/atgas-implementations/atgas-store-neo4j/build/jar/scala-library-2.9.0-1.jar:/home/ken/NetBeansProjects/atgas-implementations/atgas-store-neo4j/build/jar/neo4j-graph-matching-1.6.jar:/home/ken/NetBeansProjects/atgas-implementations/atgas-store-neo4j/build/jar/neo4j-udc-1.6.jar:/home/ken/NetBeansProjects/atgas-implementations/atgas-store-neo4j/build/jar/neo4j-graph-algo-1.6.jar:/home/ken/NetBeansProjects/atgas-implementations/atgas-store-neo4j/build/jar/neo4j-lucene-index-1.6.jar:/home/ken/NetBeansProjects/atgas-implementations/atgas-store-neo4j/build/jar/lucene-core-3.5.0.jar:/home/ken/NetBeansProjects/atgas-implementations/atgas-store-neo4j/build/jar/neo4j-kernel-1.6.jar:/home/ken/NetBeansProjects/atgas-implementations/atgas-store-neo4j/build/jar/geronimo-jta_1.1_spec-1.1.1.jar" />
    <property name="libs.jsp-compilation.src" value="" />
    <property name="libs.jsf12.javadoc" value="/home/ken/netbeans-7.1/enterprise/docs/javaee6-doc-api.zip" />
    <property name="ivy.home" value="/home/ken/.netbeans/7.1/modules/ext/ivy-2.1.0.jar" />
    <property name="libs.javaee-endorsed-api-6.0.classpath" value="/home/ken/netbeans-7.1/enterprise/modules/ext/javaee6-endorsed/javax.annotation.jar:/home/ken/netbeans-7.1/enterprise/modules/ext/javaee6-endorsed/jaxb-api-osgi.jar:/home/ken/netbeans-7.1/enterprise/modules/ext/javaee6-endorsed/webservices-api-osgi.jar" />
    <property name="libs.hibernate-persistence.maven-pom" value="" />
    <property name="build.dir" value="build" />
    <property name="default.javac.target" value="1.6" />
    <property name="nb.show.statistics.ui" value="usageStatisticsEnabled" />
    <property name="netbeans.autoupdate.version" value="1.23" />
    <property name="ivy.default.ivy.user.dir.ivy.instance" value="/home/ken/.netbeans/7.1/modules/ext/ivy-2.1.0.jar" />
    <property name="libs.absolutelayout.src" value="" />
    <property name="libs.DataBindingME.maven-pom" value="" />
    <property name="javadoc.windowtitle" value="" />
    <property name="libs.ejb3-persistence.javadoc" value="" />
    <property name="libs.spring-webmvc3.0.maven-pom" value="" />
    <property name="libs.groovy-all.maven-pom" value="" />
    <property name="ivy.deliver.ivy.pattern" value="/home/ken/NetBeansProjects/atgas-implementations/atgas-store-neo4j/distrib/[type]s/[artifact]-[revision](-[classifier]).[ext]" />
    <property name="file.encoding.pkg.ivy.instance" value="sun.io" />
    <property name="sun.desktop.ivy.instance" value="gnome" />
    <property name="libs.jstl11.src" value="" />
    <property name="libs.toplink.javadoc" value="" />
    <property name="libs.jstl11.classpath" value="/home/ken/netbeans-7.1/enterprise/modules/ext/standard.jar:/home/ken/netbeans-7.1/enterprise/modules/ext/jstl.jar" />
    <property name="jar.compress" value="false" />
    <property name="os.name.ivy.instance" value="Linux" />
    <property name="ant.home" value="/home/ken/netbeans-7.1/java/ant" />
    <property name="ivy.resolve.default.type.filter.ivy.instance" value="*" />
    <property name="ivy.local.default.root" value="/home/ken/.netbeans/7.1/modules/ext/ivy-2.1.0.jar/local" />
    <property name="libs.cdc-pp-awt-layout.classpath" value="/home/ken/netbeans-7.1/mobility/modules/ext/cdc-pp-awt-layout.jar" />
    <property name="java.version.ivy.instance" value="1.6.0_26" />
    <property name="libs.PostgreSQLDriver.maven-pom" value="" />
    <property name="ap.supported.internal" value="true" />
    <property name="java.vm.name.ivy.instance" value="Java HotSpot(TM) Client VM" />
    <property name="libs.j2me_ant_ext.maven-pom" value="" />
    <property name="libs.jsp-compilation-syscp.javadoc" value="" />
    <property name="java.util.logging.config.class.ivy.instance" value="org.netbeans.core.startup.TopLogging" />
    <property name="libs.metro.classpath" value="/home/ken/netbeans-7.1/ide/modules/ext/jaxb/activation.jar:/home/ken/netbeans-7.1/enterprise/modules/ext/metro/webservices-api.jar:/home/ken/netbeans-7.1/enterprise/modules/ext/metro/webservices-extra-api.jar:/home/ken/netbeans-7.1/enterprise/modules/ext/metro/webservices-extra.jar:/home/ken/netbeans-7.1/enterprise/modules/ext/metro/webservices-rt.jar:/home/ken/netbeans-7.1/enterprise/modules/ext/metro/webservices-tools.jar" />
    <property name="sun.cpu.isalist" value="" />
    <property name="javadoc.use" value="true" />
    <property name="libs.restlib.classpath" value="/home/ken/netbeans-7.1/enterprise/modules/ext/rest/asm-3.1.jar:/home/ken/netbeans-7.1/enterprise/modules/ext/rest/jackson-core-asl-1.7.1.jar:/home/ken/netbeans-7.1/enterprise/modules/ext/rest/jackson-jaxrs-1.7.1.jar:/home/ken/netbeans-7.1/enterprise/modules/ext/rest/jackson-mapper-asl-1.7.1.jar:/home/ken/netbeans-7.1/enterprise/modules/ext/rest/jackson-xc-1.7.1.jar:/home/ken/netbeans-7.1/enterprise/modules/ext/rest/jersey-apache-client-1.8.jar:/home/ken/netbeans-7.1/enterprise/modules/ext/rest/jersey-atom-abdera-1.8.jar:/home/ken/netbeans-7.1/enterprise/modules/ext/rest/jersey-client-1.8.jar:/home/ken/netbeans-7.1/enterprise/modules/ext/rest/jersey-core-1.8.jar:/home/ken/netbeans-7.1/enterprise/modules/ext/rest/jersey-guice-1.8.jar:/home/ken/netbeans-7.1/enterprise/modules/ext/rest/jersey-json-1.8.jar:/home/ken/netbeans-7.1/enterprise/modules/ext/rest/jersey-multipart-1.8.jar:/home/ken/netbeans-7.1/enterprise/modules/ext/rest/jersey-server-1.8.jar:/home/ken/netbeans-7.1/enterprise/modules/ext/rest/jersey-simple-server-1.8.jar:/home/ken/netbeans-7.1/enterprise/modules/ext/rest/jersey-spring-1.8.jar:/home/ken/netbeans-7.1/enterprise/modules/ext/rest/jettison-1.1.jar:/home/ken/netbeans-7.1/enterprise/modules/ext/rest/oauth-client-1.8.jar:/home/ken/netbeans-7.1/enterprise/modules/ext/rest/oauth-server-1.8.jar:/home/ken/netbeans-7.1/enterprise/modules/ext/rest/oauth-signature-1.8.jar:/home/ken/netbeans-7.1/ide/modules/ext/jaxb/activation.jar:/home/ken/netbeans-7.1/ide/modules/ext/jaxb/api/jaxb-api.jar:/home/ken/netbeans-7.1/ide/modules/ext/jaxb/api/jsr173_api.jar" />
    <property name="libs.junit_4.src" value="/home/ken/netbeans-7.1/java/docs/junit-4.10-sources.jar" />
    <property name="netbeans.autoupdate.country.ivy.instance" value="US" />
    <property name="ivy.report.output.pattern.ivy.instance" value="[organisation]-[module]-[conf].[ext]" />
    <property name="libs.savaje-ant-utils.src" value="" />
    <property name="netbeans.system_http_non_proxy_hosts.ivy.instance" value="" />
    <property name="ant.file.type.atgas-store-neo4j-impl" value="file" />
    <property name="os.version.ivy.instance" value="3.0.0-15-generic" />
    <property name="ivy.configurations.ivy.instance" value="*" />
    <property name="libs.jstl11.javadoc" value="/home/ken/netbeans-7.1/enterprise/docs/javaee6-doc-api.zip" />
    <property name="libs.javac-api.maven-pom" value="" />
    <property name="jdk.home.ivy.instance" value="/usr/lib/jvm/java-6-sun" />
    <property name="libs.semc-ant-utils.src" value="" />
    <property name="ivy.settings.url" value="file:/home/ken/NetBeansProjects/atgas-implementations/atgas-store-neo4j/ivysettings.xml" />
    <property name="libs.jsp-compilation.classpath" value="/home/ken/netbeans-7.1/java/ant/lib/ant.jar:/home/ken/netbeans-7.1/enterprise/modules/ext/servlet3.0-jsp2.2-api.jar:/home/ken/netbeans-7.1/enterprise/modules/ext/glassfish-jspparser-3.0.jar:/home/ken/netbeans-7.1/enterprise/modules/ext/jsf-2_1/jsf-api.jar:/home/ken/netbeans-7.1/enterprise/modules/ext/jstl.jar:/home/ken/netbeans-7.1/java/ant/lib/ant-launcher.jar" />
    <property name="netbeans.system_http_proxy" value="DIRECT" />
    <property name="debug-args-line" value="-Xdebug" />
    <property name="ant.file.atgas-store-neo4j-impl" value="/home/ken/NetBeansProjects/atgas-implementations/atgas-store-neo4j/nbproject/build-impl.xml" />
    <property name="ivy.cache.ttl.default" value="10s" />
    <property name="ivy.shared.default.artifact.pattern.ivy.instance" value="[organisation]/[module]/[revision]/[type]s/[artifact].[ext]" />
    <property name="sun.java2d.noddraw" value="true" />
    <property name="auxiliary.org-netbeans-modules-projectimport-eclipse-core.key" value="src=src/main/java;prj=atgas-store-interface;output=bin;" />
    <property name="libs.struts.maven-pom" value="" />
    <property name="endorsed.classpath.cmd.line.arg" value="" />
    <property name="sun.java2d.noddraw.ivy.instance" value="true" />
    <property name="ap.processors.internal" value="" />
    <property name="libs.spring-framework300.maven-pom" value="" />
    <property name="libs.ant-contrib.maven-pom" value="" />
    <property name="ivy.default.settings.dir" value="jar:file:/home/ken/.netbeans/7.1/modules/ext/ivy-2.1.0.jar!/org/apache/ivy/core/settings" />
    <property name="libs.spring-framework300.src" value="" />
    <property name="ivy.basedir.ivy.instance" value="/home/ken/NetBeansProjects/atgas-implementations/atgas-store-neo4j" />
    <property name="libs.DataBindingME-SVG.javadoc" value="/home/ken/netbeans-7.1/mobility/modules/docs/netbeans_databindingme_svg-api.zip" />
    <property name="libs.spring-webmvc3.0.javadoc" value="" />
    <property name="debug.classpath" value="../../atgas-core/atgas-store-interface/dist/atgas-store-interface.jar:/home/ken/netbeans-7.1/platform/modules/ext/junit-4.10.jar:build/classes:/home/ken/NetBeansProjects/atgas-implementations/atgas-store-neo4j/build/jar/neo4j-1.6.jar:/home/ken/NetBeansProjects/atgas-implementations/atgas-store-neo4j/build/jar/neo4j-jmx-1.6.jar:/home/ken/NetBeansProjects/atgas-implementations/atgas-store-neo4j/build/jar/neo4j-cypher-1.6.jar:/home/ken/NetBeansProjects/atgas-implementations/atgas-store-neo4j/build/jar/scala-library-2.9.0-1.jar:/home/ken/NetBeansProjects/atgas-implementations/atgas-store-neo4j/build/jar/neo4j-graph-matching-1.6.jar:/home/ken/NetBeansProjects/atgas-implementations/atgas-store-neo4j/build/jar/neo4j-udc-1.6.jar:/home/ken/NetBeansProjects/atgas-implementations/atgas-store-neo4j/build/jar/neo4j-graph-algo-1.6.jar:/home/ken/NetBeansProjects/atgas-implementations/atgas-store-neo4j/build/jar/neo4j-lucene-index-1.6.jar:/home/ken/NetBeansProjects/atgas-implementations/atgas-store-neo4j/build/jar/lucene-core-3.5.0.jar:/home/ken/NetBeansProjects/atgas-implementations/atgas-store-neo4j/build/jar/neo4j-kernel-1.6.jar:/home/ken/NetBeansProjects/atgas-implementations/atgas-store-neo4j/build/jar/geronimo-jta_1.1_spec-1.1.1.jar" />
    <property name="user.home" value="/home/ken" />
    <property name="libs.hibernate-persistence.src" value="" />
    <property name="libs.junit_4.javadoc" value="/home/ken/netbeans-7.1/java/docs/junit-4.10-javadoc.jar" />
    <property name="apple.awt.graphics.UseQuartz" value="true" />
    <property name="sun.java.command.ivy.instance" value="org.netbeans.Main --userdir /home/ken/.netbeans/7.1 --branding nb" />
    <property name="libs.jsf20.maven-pom" value="" />
    <property name="netbeans.system_http_proxy.ivy.instance" value="DIRECT" />
    <property name="libs.MySQLDriver.maven-pom" value="" />
    <property name="libs.junit_4.classpath" value="/home/ken/netbeans-7.1/platform/modules/ext/junit-4.10.jar" />
    <property name="libs.nokiadeployment.maven-pom" value="" />
    <property name="os.arch.ivy.instance" value="i386" />
    <property name="libs.primefaces.classpath" value="/home/ken/netbeans-7.1/enterprise/modules/ext/primefaces/primefaces-2.2.1.jar" />
    <property name="libs.spring-webmvc.maven-pom" value="" />
    <property name="libs.javaee-api-6.0.classpath" value="/home/ken/netbeans-7.1/enterprise/modules/ext/javaee-api-6.0.jar" />
    <property name="javac.source" value="1.7" />
    <property name="file.separator.ivy.instance" value="/" />
    <property name="libs.javaee-api-6.0.javadoc" value="/home/ken/netbeans-7.1/enterprise/docs/javaee6-doc-api.zip" />
    <property name="java.awt.printerjob.ivy.instance" value="sun.print.PSPrinterJob" />
    <property name="ivy.checksums" value="sha1,md5" />
    <property name="empty.dir" value="/home/ken/NetBeansProjects/atgas-implementations/atgas-store-neo4j/build/empty" />
    <property name="java.home.ivy.instance" value="/usr/lib/jvm/java-6-sun-1.6.0.26/jre" />
    <property name="libs.javaee-web-api-6.0.maven-pom" value="" />
    <property name="org.xml.sax.driver" value="com.sun.org.apache.xerces.internal.jaxp.SAXParserImpl$JAXPSAXParser" />
    <property name="libs.spring-framework.src" value="" />
    <property name="ivy.buildlist.ivyfilepath" value="ivy.xml" />
    <property name="libs.hibernate-support.maven-pom" value="" />
    <property name="file.encoding" value="UTF-8" />
    <property name="user.home.ivy.instance" value="/home/ken" />
    <property name="ivy.local.default.artifact.pattern" value="[organisation]/[module]/[revision]/[type]s/[artifact].[ext]" />
    <property name="libs.primefaces.javadoc" value="" />
    <property name="netbeans.home+have.tests" value="true" />
    <property name="java.vm.version" value="22.0-b10" />
    <property name="libs.hibernate-support.javadoc" value="" />
    <property name="sun.io.unicode.encoding" value="UnicodeLittle" />
    <property name="libs.cdc-pp-awt-layout.src" value="/home/ken/netbeans-7.1/mobility/sources/cdc-pp-awt-layout-src.zip" />
    <property name="libs.javac-api.classpath" value="/home/ken/netbeans-7.1/java/modules/ext/javac-api-nb-7.0-b07.jar" />
    <property name="ivy.revision" value="1.0" />
    <property name="netbeans.buildnumber" value="201112071828" />
    <property name="libs.jaxb.javadoc" value="/home/ken/netbeans-7.1/ide/docs/jaxb-api-doc.zip" />
    <property name="sun.zip.disableMemoryMapping" value="true" />
    <property name="netbeans.buildnumber.ivy.instance" value="201112071828" />
    <property name="libs.JMUnit4CLDC11.src" value="" />
    <property name="java.runtime.version" value="1.7.0_02-b13" />
    <property name="libs.cdc-agui-swing-layout.maven-pom" value="" />
    <property name="platform.home" value="/usr/local/jdk1.7.0_02" />
    <property name="javac.classpath" value="../../atgas-core/atgas-store-interface/dist/atgas-store-interface.jar:/home/ken/netbeans-7.1/platform/modules/ext/junit-4.10.jar:/home/ken/NetBeansProjects/atgas-implementations/atgas-store-neo4j/build/jar/neo4j-1.6.jar:/home/ken/NetBeansProjects/atgas-implementations/atgas-store-neo4j/build/jar/neo4j-jmx-1.6.jar:/home/ken/NetBeansProjects/atgas-implementations/atgas-store-neo4j/build/jar/neo4j-cypher-1.6.jar:/home/ken/NetBeansProjects/atgas-implementations/atgas-store-neo4j/build/jar/scala-library-2.9.0-1.jar:/home/ken/NetBeansProjects/atgas-implementations/atgas-store-neo4j/build/jar/neo4j-graph-matching-1.6.jar:/home/ken/NetBeansProjects/atgas-implementations/atgas-store-neo4j/build/jar/neo4j-udc-1.6.jar:/home/ken/NetBeansProjects/atgas-implementations/atgas-store-neo4j/build/jar/neo4j-graph-algo-1.6.jar:/home/ken/NetBeansProjects/atgas-implementations/atgas-store-neo4j/build/jar/neo4j-lucene-index-1.6.jar:/home/ken/NetBeansProjects/atgas-implementations/atgas-store-neo4j/build/jar/lucene-core-3.5.0.jar:/home/ken/NetBeansProjects/atgas-implementations/atgas-store-neo4j/build/jar/neo4j-kernel-1.6.jar:/home/ken/NetBeansProjects/atgas-implementations/atgas-store-neo4j/build/jar/geronimo-jta_1.1_spec-1.1.1.jar" />
    <property name="file.reference.main-java" value="src/main/java" />
    <property name="libs.eclipselink.classpath" value="/home/ken/netbeans-7.1/java/modules/ext/eclipselink/eclipselink-2.3.0.jar:/home/ken/netbeans-7.1/java/modules/ext/eclipselink/javax.persistence-2.0.jar:/home/ken/netbeans-7.1/java/modules/ext/eclipselink/org.eclipse.persistence.jpa.jpql_1.0.0.jar" />
    <property name="java.io.tmpdir.ivy.instance" value="/tmp" />
    <property name="ivy.home.ivy.instance" value="/home/ken/.netbeans/7.1/modules/ext/ivy-2.1.0.jar" />
    <property name="build.classes.excludes" value="**/*.java,**/*.form" />
    <property name="ivy.retrieve.pattern.ivy.instance" value="/home/ken/NetBeansProjects/atgas-implementations/atgas-store-neo4j/lib/[artifact]-[revision](-[classifier]).[ext]" />
    <property name="java.awt.graphicsenv" value="sun.awt.X11GraphicsEnvironment" />
    <property name="sun.management.compiler" value="HotSpot Tiered Compilers" />
    <property name="dist.dir" value="dist" />
    <property name="netbeans.autoupdate.language" value="en" />
    <property name="old.debug.classpath" value="../../atgas-core/atgas-store-interface/dist/atgas-store-interface.jar:/home/ken/netbeans-7.1/platform/modules/ext/junit-4.10.jar:build/classes" />
    <property name="runtime.encoding" value="UTF-8" />
    <property name="sun.boot.library.path.ivy.instance" value="/usr/lib/jvm/java-6-sun-1.6.0.26/jre/lib/i386" />
    <property name="do.depend" value="false" />
    <property name="libs.cdc-ant-utils.src" value="" />
    <property name="libs.savaje-ant-utils.javadoc" value="" />
    <property name="libs.cdc-ant-utils.classpath" value="/home/ken/netbeans-7.1/mobility/modules/ext/org-netbeans-modules-j2me-cdc-project.jar" />
    <property name="libs.PostgreSQLDriver.src" value="" />
    <property name="do.archive" value="true" />
    <property name="jna.platform.library.path.ivy.instance" value="/usr/lib32:/usr/lib:/lib" />
    <property name="ap.proc.none.internal" value="" />
    <property name="java.class.version" value="51.0" />
    <property name="java.home" value="/usr/local/jdk1.7.0_02/jre" />
    <property name="libs.absolutelayout.classpath" value="/home/ken/netbeans-7.1/java/modules/ext/AbsoluteLayout.jar" />
    <property name="libs.eclipselink.javadoc" value="" />
    <property name="java.runtime.name.ivy.instance" value="Java(TM) SE Runtime Environment" />
    <property name="netbeans.home" value="/home/ken/netbeans-7.1/platform" />
    <property name="sun.cpu.endian" value="little" />
    <property name="libs.JMUnit4CLDC10.maven-pom" value="" />
    <property name="java.endorsed.dirs.ivy.instance" value="/usr/lib/jvm/java-6-sun-1.6.0.26/jre/lib/endorsed" />
    <property name="excludes" value="" />
    <property name="netbeans.dirs.ivy.instance" value="/home/ken/netbeans-7.1/nb:/home/ken/netbeans-7.1/ergonomics:/home/ken/netbeans-7.1/ide:/home/ken/netbeans-7.1/java:/home/ken/netbeans-7.1/apisupport:/home/ken/netbeans-7.1/bin/../webcommon:/home/ken/netbeans-7.1/websvccommon:/home/ken/netbeans-7.1/enterprise:/home/ken/netbeans-7.1/mobility:/home/ken/netbeans-7.1/profiler:/home/ken/netbeans-7.1/bin/../python:/home/ken/netbeans-7.1/php:/home/ken/netbeans-7.1/bin/../identity:/home/ken/netbeans-7.1/harness:/home/ken/netbeans-7.1/cnd:/home/ken/netbeans-7.1/dlight:/home/ken/netbeans-7.1/groovy:/home/ken/netbeans-7.1/bin/../extra:/home/ken/netbeans-7.1/bin/../javacard:/home/ken/netbeans-7.1/javafx:" />
    <property name="libs.hibernate-persistence.classpath" value="/home/ken/netbeans-7.1/java/modules/ext/hibernate/antlr-2.7.6.jar:/home/ken/netbeans-7.1/java/modules/ext/hibernate/asm.jar:/home/ken/netbeans-7.1/java/modules/ext/hibernate/asm-attrs.jar:/home/ken/netbeans-7.1/java/modules/ext/hibernate/cglib-2.1.3.jar:/home/ken/netbeans-7.1/java/modules/ext/hibernate/commons-collections-2.1.1.jar:/home/ken/netbeans-7.1/ide/modules/org-apache-commons-logging.jar:/home/ken/netbeans-7.1/java/modules/ext/hibernate/dom4j-1.6.1.jar:/home/ken/netbeans-7.1/java/modules/ext/hibernate/ehcache-1.2.3.jar:/home/ken/netbeans-7.1/java/modules/ext/hibernate/jdbc2_0-stdext.jar:/home/ken/netbeans-7.1/java/modules/ext/hibernate/jta.jar:/home/ken/netbeans-7.1/java/modules/ext/hibernate/hibernate3.jar:/home/ken/netbeans-7.1/java/modules/ext/hibernate/hibernate-tools.jar:/home/ken/netbeans-7.1/java/modules/ext/hibernate/hibernate-annotations.jar:/home/ken/netbeans-7.1/java/modules/ext/hibernate/hibernate-commons-annotations.jar:/home/ken/netbeans-7.1/java/modules/ext/hibernate/hibernate-entitymanager.jar:/home/ken/netbeans-7.1/java/modules/ext/hibernate/javassist.jar:/home/ken/netbeans-7.1/java/modules/ext/hibernate/ejb3-persistence.jar" />
    <property name="ivy-retrieve.type" value="jar" />
    <property name="ant.project.default-target" value="default" />
    <property name="netbeans.dynamic.classpath" value="/home/ken/netbeans-7.1/platform/core/core.jar:/home/ken/netbeans-7.1/platform/core/org-openide-filesystems.jar:/home/ken/netbeans-7.1/platform/core/locale/core_pt_BR.jar:/home/ken/netbeans-7.1/platform/core/locale/org-openide-filesystems_ja.jar:/home/ken/netbeans-7.1/platform/core/locale/org-openide-filesystems_pt_BR.jar:/home/ken/netbeans-7.1/platform/core/locale/org-openide-filesystems_zh_CN.jar:/home/ken/netbeans-7.1/platform/core/locale/core_ja.jar:/home/ken/netbeans-7.1/platform/core/locale/org-openide-filesystems_ru.jar:/home/ken/netbeans-7.1/platform/core/locale/core_ru.jar:/home/ken/netbeans-7.1/platform/core/locale/core_zh_CN.jar:/home/ken/netbeans-7.1/nb/core/org-netbeans-upgrader.jar:/home/ken/netbeans-7.1/nb/core/locale/org-netbeans-upgrader_ja.jar:/home/ken/netbeans-7.1/nb/core/locale/core_nb_ja.jar:/home/ken/netbeans-7.1/nb/core/locale/core_nb_zh_CN.jar:/home/ken/netbeans-7.1/nb/core/locale/core_nb_ru.jar:/home/ken/netbeans-7.1/nb/core/locale/org-netbeans-upgrader_zh_CN.jar:/home/ken/netbeans-7.1/nb/core/locale/core_nb.jar:/home/ken/netbeans-7.1/nb/core/locale/org-netbeans-upgrader_ru.jar:/home/ken/netbeans-7.1/nb/core/locale/core_nb_pt_BR.jar:/home/ken/netbeans-7.1/nb/core/locale/org-netbeans-upgrader_pt_BR.jar" />
    <property name="libs.NetBeans MIDP Components PDA.maven-pom" value="" />
    <property name="src.dir" value="src/main/java" />
    <property name="libs.hibernate-support.src" value="" />
    <property name="ivy.local.default.artifact.pattern.ivy.instance" value="[organisation]/[module]/[revision]/[type]s/[artifact].[ext]" />
    <property name="libs.DataBindingME.classpath" value="/home/ken/netbeans-7.1/mobility/modules/ext/netbeans_databindingme.jar" />
    <property name="java.vendor.url.ivy.instance" value="http://java.sun.com/" />
    <property name="ant.file.type.ivy-impl" value="file" />
    <property name="libs.jsp-compiler.maven-pom" value="" />
    <property name="version-output" value="java version &quot;1.7.0_02&quot;&#xa;Java(TM) SE Runtime Environment (build 1.7.0_02-b13)&#xa;Java HotSpot(TM) Server VM (build 22.0-b10, mixed mode)" />
    <property name="libs.spring-webmvc3.0.classpath" value="/home/ken/netbeans-7.1/java/modules/ext/spring-3.0/spring-webmvc-3.0.6.RELEASE.jar" />
    <property name="libs.NetBeans MIDP Components.maven-pom" value="" />
    <property name="libs.groovy-all.classpath" value="/home/ken/netbeans-7.1/groovy/modules/ext/groovy-all.jar" />
    <property name="ivy.shared.default.artifact.pattern" value="[organisation]/[module]/[revision]/[type]s/[artifact].[ext]" />
    <property name="javac.target" value="1.7" />
    <property name="libs.ejb3-persistence.maven-pom" value="" />
    <property name="ivy.cache.dir" value="/home/ken/.ivy2/cache" />
    <property name="ivy.status.ivy.instance" value="integration" />
    <property name="libs.jakarta_slide_ant_webdav.maven-pom" value="" />
    <property name="javadoc.preview" value="true" />
    <property name="javadoc.noindex" value="false" />
    <property name="libs.restapi.javadoc" value="/home/ken/netbeans-7.1/enterprise/docs/jsr311-api-1.1.1-javadoc.zip" />
    <property name="user.country" value="US" />
    <property name="file.encoding.ivy.instance" value="UTF-8" />
    <property name="platforms.JDK_1.7.home" value="/usr/local/jdk1.7.0_02" />
    <property name="libs.PostgreSQLDriver.classpath" value="/home/ken/netbeans-7.1/ide/modules/ext/postgresql-8.3-603.jdbc3.jar" />
    <property name="user.timezone" value="" />
    <property name="libs.eclipselinkmodelgen.maven-pom" value="" />
    <property name="javac.debug" value="true" />
    <property name="libs.j2me_ant_ext.classpath" value="/home/ken/netbeans-7.1/mobility/modules/org-netbeans-modules-mobility-antext.jar:/home/ken/netbeans-7.1/java/modules/org-netbeans-modules-classfile.jar" />
    <property name="libs.DataBindingME-PIM.src" value="/home/ken/netbeans-7.1/mobility/sources/netbeans_databindingme_pim-src.zip" />
    <property name="javac.test.processorpath" value="../../atgas-core/atgas-store-interface/dist/atgas-store-interface.jar:/home/ken/netbeans-7.1/platform/modules/ext/junit-4.10.jar:build/classes" />
    <property name="libs.JWSAntTasks.javadoc" value="" />
    <property name="libs.jsf12.src" value="" />
    <property name="java.vm.version.ivy.instance" value="20.1-b02" />
    <property name="sun.arch.data.model" value="32" />
    <property name="old.javac.classpath" value="../../atgas-core/atgas-store-interface/dist/atgas-store-interface.jar:/home/ken/netbeans-7.1/platform/modules/ext/junit-4.10.jar" />
    <property name="libs.nokiaS80-ant-utils.src" value="" />
    <property name="libs.spring-webmvc.javadoc" value="" />
    <property name="ivy.conf.path.runtime" value="/home/ken/NetBeansProjects/atgas-implementations/atgas-store-neo4j/build/jar/neo4j-1.6.jar;/home/ken/NetBeansProjects/atgas-implementations/atgas-store-neo4j/build/jar/neo4j-jmx-1.6.jar;/home/ken/NetBeansProjects/atgas-implementations/atgas-store-neo4j/build/jar/neo4j-cypher-1.6.jar;/home/ken/NetBeansProjects/atgas-implementations/atgas-store-neo4j/build/jar/scala-library-2.9.0-1.jar;/home/ken/NetBeansProjects/atgas-implementations/atgas-store-neo4j/build/jar/neo4j-graph-matching-1.6.jar;/home/ken/NetBeansProjects/atgas-implementations/atgas-store-neo4j/build/jar/neo4j-udc-1.6.jar;/home/ken/NetBeansProjects/atgas-implementations/atgas-store-neo4j/build/jar/neo4j-graph-algo-1.6.jar;/home/ken/NetBeansProjects/atgas-implementations/atgas-store-neo4j/build/jar/neo4j-lucene-index-1.6.jar;/home/ken/NetBeansProjects/atgas-implementations/atgas-store-neo4j/build/jar/lucene-core-3.5.0.jar;/home/ken/NetBeansProjects/atgas-implementations/atgas-store-neo4j/build/jar/neo4j-kernel-1.6.jar;/home/ken/NetBeansProjects/atgas-implementations/atgas-store-neo4j/build/jar/geronimo-jta_1.1_spec-1.1.1.jar" />
    <property name="ivy.shared.default.ivy.pattern.ivy.instance" value="[organisation]/[module]/[revision]/[type]s/[artifact].[ext]" />
    <property name="annotation.processing.processors.list" value="" />
    <property name="java.vm.vendor" value="Oracle Corporation" />
    <property name="java.class.version.ivy.instance" value="50.0" />
    <property name="libs.nokiaS80-ant-utils.javadoc" value="" />
    <property name="libs.MySQLDriver.javadoc" value="" />
    <property name="libs.absolutelayout.javadoc" value="" />
    <property name="libs.javaee-web-api-6.0.src" value="" />
    <property name="java.vm.specification.version" value="1.7" />
    <property name="ant.junit.enabletestlistenerevents" value="true" />
    <property name="ivy.status" value="integration" />
    <property name="endorsed.classpath" value="" />
    <property name="libs.ant-contrib.src" value="" />
    <property name="ivy.descriptor.file" value="ivy.xml" />
    <property name="user.timezone.ivy.instance" value="America/Denver" />
    <property name="build.generated.sources.dir" value="build/generated-sources" />
    <property name="ivy-publish.forcedeliver" value="true" />
    <property name="sun.jnu.encoding.ivy.instance" value="UTF-8" />
    <property name="basedir.ivy.instance" value="/home/ken/NetBeansProjects/atgas-implementations/atgas-store-neo4j" />
    <property name="libs.jaxb.src" value="" />
    <property name="ivy.log.modules.in.use.ivy.instance" value="false" />
    <property name="libs.groovy-all.src" value="" />
    <property name="user.dir" value="/home/ken/NetBeansProjects/atgas-implementations/atgas-store-neo4j" />
    <property name="libs.CopyLibs.javadoc" value="" />
    <property name="libs.NetBeans MIDP Components PDA.javadoc" value="/home/ken/netbeans-7.1/mobility/modules/docs/netbeans_midp_components_pda-api.zip" />
    <property name="ivy.lib.dir" value="/home/ken/NetBeansProjects/atgas-implementations/atgas-store-neo4j/lib" />
    <property name="libs.semc-ant-utils.javadoc" value="" />
    <property name="ant-contrib.lib.ivy.instance" value="/home/ken/.netbeans/7.1/modules/ext/ant-contrib-1.0b3.jar" />
    <property name="build.test.results.dir" value="build/test/results" />
    <property name="ivy.log.modules.in.use" value="false" />
    <property name="libs.NetBeans MIDP Components WMA.javadoc" value="/home/ken/netbeans-7.1/mobility/modules/docs/netbeans_midp_components_wma-api.zip" />
    <property name="ivy.module" value="atgas-store-neo4j" />
    <property name="ivy-retrieve.pattern" value="[artifact]-[revision].[ext]" />
    <property name="copylibs.rebase" value="true" />
    <property name="libs.struts.classpath" value="/home/ken/netbeans-7.1/enterprise/modules/ext/struts/antlr-2.7.2.jar:/home/ken/netbeans-7.1/enterprise/modules/ext/struts/bsf-2.3.0.jar:/home/ken/netbeans-7.1/enterprise/modules/ext/struts/commons-beanutils-1.8.0.jar:/home/ken/netbeans-7.1/enterprise/modules/ext/struts/commons-chain-1.2.jar:/home/ken/netbeans-7.1/enterprise/modules/ext/struts/commons-digester-1.8.jar:/home/ken/netbeans-7.1/enterprise/modules/ext/struts/commons-fileupload-1.1.1.jar:/home/ken/netbeans-7.1/enterprise/modules/ext/struts/commons-io-1.1.jar:/home/ken/netbeans-7.1/enterprise/modules/ext/struts/commons-logging-1.0.4.jar:/home/ken/netbeans-7.1/enterprise/modules/ext/struts/commons-validator-1.3.1.jar:/home/ken/netbeans-7.1/enterprise/modules/ext/struts/jstl-1.0.2.jar:/home/ken/netbeans-7.1/enterprise/modules/ext/struts/oro-2.0.8.jar:/home/ken/netbeans-7.1/enterprise/modules/ext/struts/standard-1.0.6.jar:/home/ken/netbeans-7.1/enterprise/modules/ext/struts/struts-core-1.3.10.jar:/home/ken/netbeans-7.1/enterprise/modules/ext/struts/struts-el-1.3.10.jar:/home/ken/netbeans-7.1/enterprise/modules/ext/struts/struts-extras-1.3.10.jar:/home/ken/netbeans-7.1/enterprise/modules/ext/struts/struts-faces-1.3.10.jar:/home/ken/netbeans-7.1/enterprise/modules/ext/struts/struts-mailreader-dao-1.3.10.jar:/home/ken/netbeans-7.1/enterprise/modules/ext/struts/struts-scripting-1.3.10.jar:/home/ken/netbeans-7.1/enterprise/modules/ext/struts/struts-taglib-1.3.10.jar:/home/ken/netbeans-7.1/enterprise/modules/ext/struts/struts-tiles-1.3.10.jar" />
    <property name="jar.index" value="false" />
    <property name="libs.jsp-compilation.javadoc" value="" />
    <property name="javadoc.version" value="false" />
    <property name="libs.JAXB-ENDORSED.javadoc" value="" />
    <property name="netbeans.hash.code.ivy.instance" value="unique=NB_CND_GFMOD_GROOVY_JAVA_MOB_PHP_WEBEE0b8eb7979-1105-4bc3-bb34-de140ce0862d_2b862508-9a1b-48d4-8039-bb4d442c91c2" />
    <property name="libs.spring-framework300.classpath" value="/home/ken/netbeans-7.1/ide/modules/org-apache-commons-logging.jar:/home/ken/netbeans-7.1/java/modules/ext/cglib-2.2.jar:/home/ken/netbeans-7.1/java/modules/ext/spring-3.0/spring-aop-3.0.6.RELEASE.jar:/home/ken/netbeans-7.1/java/modules/ext/spring-3.0/spring-asm-3.0.6.RELEASE.jar:/home/ken/netbeans-7.1/java/modules/ext/spring-3.0/spring-aspects-3.0.6.RELEASE.jar:/home/ken/netbeans-7.1/java/modules/ext/spring-3.0/spring-beans-3.0.6.RELEASE.jar:/home/ken/netbeans-7.1/java/modules/ext/spring-3.0/spring-context-3.0.6.RELEASE.jar:/home/ken/netbeans-7.1/java/modules/ext/spring-3.0/spring-context-support-3.0.6.RELEASE.jar:/home/ken/netbeans-7.1/java/modules/ext/spring-3.0/spring-core-3.0.6.RELEASE.jar:/home/ken/netbeans-7.1/java/modules/ext/spring-3.0/spring-expression-3.0.6.RELEASE.jar:/home/ken/netbeans-7.1/java/modules/ext/spring-3.0/spring-instrument-3.0.6.RELEASE.jar:/home/ken/netbeans-7.1/java/modules/ext/spring-3.0/spring-instrument-tomcat-3.0.6.RELEASE.jar:/home/ken/netbeans-7.1/java/modules/ext/spring-3.0/spring-jdbc-3.0.6.RELEASE.jar:/home/ken/netbeans-7.1/java/modules/ext/spring-3.0/spring-jms-3.0.6.RELEASE.jar:/home/ken/netbeans-7.1/java/modules/ext/spring-3.0/spring-orm-3.0.6.RELEASE.jar:/home/ken/netbeans-7.1/java/modules/ext/spring-3.0/spring-oxm-3.0.6.RELEASE.jar:/home/ken/netbeans-7.1/java/modules/ext/spring-3.0/spring-test-3.0.6.RELEASE.jar:/home/ken/netbeans-7.1/java/modules/ext/spring-3.0/spring-tx-3.0.6.RELEASE.jar:/home/ken/netbeans-7.1/java/modules/ext/spring-3.0/spring-web-3.0.6.RELEASE.jar:/home/ken/netbeans-7.1/java/modules/ext/spring-3.0/spring-webmvc-portlet-3.0.6.RELEASE.jar:/home/ken/netbeans-7.1/java/modules/ext/spring-3.0/spring-webmvc-3.0.6.RELEASE.jar:/home/ken/netbeans-7.1/java/modules/ext/spring-3.0/spring-struts-3.0.6.RELEASE.jar" />
    <property name="libs.ant-contrib.classpath" value="/home/ken/netbeans-7.1/mobility/modules/ext/ant-contrib-1.0b3.jar" />
    <property name="java.version" value="1.7.0_02" />
    <property name="debug.test.classpath" value="../../atgas-core/atgas-store-interface/dist/atgas-store-interface.jar:/home/ken/netbeans-7.1/platform/modules/ext/junit-4.10.jar:build/classes:build/test/classes:/home/ken/NetBeansProjects/atgas-implementations/atgas-store-neo4j/build/jar/neo4j-1.6.jar:/home/ken/NetBeansProjects/atgas-implementations/atgas-store-neo4j/build/jar/neo4j-jmx-1.6.jar:/home/ken/NetBeansProjects/atgas-implementations/atgas-store-neo4j/build/jar/neo4j-cypher-1.6.jar:/home/ken/NetBeansProjects/atgas-implementations/atgas-store-neo4j/build/jar/scala-library-2.9.0-1.jar:/home/ken/NetBeansProjects/atgas-implementations/atgas-store-neo4j/build/jar/neo4j-graph-matching-1.6.jar:/home/ken/NetBeansProjects/atgas-implementations/atgas-store-neo4j/build/jar/neo4j-udc-1.6.jar:/home/ken/NetBeansProjects/atgas-implementations/atgas-store-neo4j/build/jar/neo4j-graph-algo-1.6.jar:/home/ken/NetBeansProjects/atgas-implementations/atgas-store-neo4j/build/jar/neo4j-lucene-index-1.6.jar:/home/ken/NetBeansProjects/atgas-implementations/atgas-store-neo4j/build/jar/lucene-core-3.5.0.jar:/home/ken/NetBeansProjects/atgas-implementations/atgas-store-neo4j/build/jar/neo4j-kernel-1.6.jar:/home/ken/NetBeansProjects/atgas-implementations/atgas-store-neo4j/build/jar/geronimo-jta_1.1_spec-1.1.1.jar" />
    <property name="libs.JAXB-ENDORSED.maven-pom" value="" />
    <property name="build.generated.dir" value="build/generated" />
    <property name="libs.beans-binding.maven-pom" value="" />
    <property name="javac.test.classpath" value="../../atgas-core/atgas-store-interface/dist/atgas-store-interface.jar:/home/ken/netbeans-7.1/platform/modules/ext/junit-4.10.jar:build/classes:/home/ken/NetBeansProjects/atgas-implementations/atgas-store-neo4j/build/jar/neo4j-1.6.jar:/home/ken/NetBeansProjects/atgas-implementations/atgas-store-neo4j/build/jar/neo4j-jmx-1.6.jar:/home/ken/NetBeansProjects/atgas-implementations/atgas-store-neo4j/build/jar/neo4j-cypher-1.6.jar:/home/ken/NetBeansProjects/atgas-implementations/atgas-store-neo4j/build/jar/scala-library-2.9.0-1.jar:/home/ken/NetBeansProjects/atgas-implementations/atgas-store-neo4j/build/jar/neo4j-graph-matching-1.6.jar:/home/ken/NetBeansProjects/atgas-implementations/atgas-store-neo4j/build/jar/neo4j-udc-1.6.jar:/home/ken/NetBeansProjects/atgas-implementations/atgas-store-neo4j/build/jar/neo4j-graph-algo-1.6.jar:/home/ken/NetBeansProjects/atgas-implementations/atgas-store-neo4j/build/jar/neo4j-lucene-index-1.6.jar:/home/ken/NetBeansProjects/atgas-implementations/atgas-store-neo4j/build/jar/lucene-core-3.5.0.jar:/home/ken/NetBeansProjects/atgas-implementations/atgas-store-neo4j/build/jar/neo4j-kernel-1.6.jar:/home/ken/NetBeansProjects/atgas-implementations/atgas-store-neo4j/build/jar/geronimo-jta_1.1_spec-1.1.1.jar" />
    <property name="sun.io.unicode.encoding.ivy.instance" value="UnicodeLittle" />
    <property name="ivy.nb.targets.copied" value="0" />
    <property name="libs.cdc-agui-swing-layout.javadoc" value="" />
    <property name="ivy.classpath.computed.RUNTIME" value="/home/ken/NetBeansProjects/atgas-implementations/atgas-store-neo4j/build/jar/neo4j-1.6.jar:/home/ken/NetBeansProjects/atgas-implementations/atgas-store-neo4j/build/jar/neo4j-jmx-1.6.jar:/home/ken/NetBeansProjects/atgas-implementations/atgas-store-neo4j/build/jar/neo4j-cypher-1.6.jar:/home/ken/NetBeansProjects/atgas-implementations/atgas-store-neo4j/build/jar/scala-library-2.9.0-1.jar:/home/ken/NetBeansProjects/atgas-implementations/atgas-store-neo4j/build/jar/neo4j-graph-matching-1.6.jar:/home/ken/NetBeansProjects/atgas-implementations/atgas-store-neo4j/build/jar/neo4j-udc-1.6.jar:/home/ken/NetBeansProjects/atgas-implementations/atgas-store-neo4j/build/jar/neo4j-graph-algo-1.6.jar:/home/ken/NetBeansProjects/atgas-implementations/atgas-store-neo4j/build/jar/neo4j-lucene-index-1.6.jar:/home/ken/NetBeansProjects/atgas-implementations/atgas-store-neo4j/build/jar/lucene-core-3.5.0.jar:/home/ken/NetBeansProjects/atgas-implementations/atgas-store-neo4j/build/jar/neo4j-kernel-1.6.jar:/home/ken/NetBeansProjects/atgas-implementations/atgas-store-neo4j/build/jar/geronimo-jta_1.1_spec-1.1.1.jar" />
    <property name="ivy-retrieve-dir" value="/home/ken/NetBeansProjects/atgas-implementations/atgas-store-neo4j/build/jar" />
    <property name="netbeans.accept_license_class" value="org.netbeans.license.AcceptLicense" />
    <property name="ap.cmd.line.internal" value="" />
    <property name="javac.deprecation" value="false" />
    <property name="libs.swing-layout.src" value="/home/ken/netbeans-7.1/platform/docs/swing-layout-1.0.4-src.zip" />
    <property name="ivy.resolver.default.check.modified" value="false" />
    <property name="libs.jsf20.classpath" value="/home/ken/netbeans-7.1/enterprise/modules/ext/jsf-2_1/jsf-api.jar:/home/ken/netbeans-7.1/enterprise/modules/ext/jsf-2_1/jsf-impl.jar" />
    <property name="org.xml.sax.driver.ivy.instance" value="com.sun.org.apache.xerces.internal.jaxp.SAXParserImpl$JAXPSAXParser" />
    <property name="java.class.path" value="/home/ken/NetBeansProjects/atgas-core/atgas-store-interface/dist/atgas-store-interface.jar:/home/ken/netbeans-7.1/platform/modules/ext/junit-4.10.jar:/home/ken/NetBeansProjects/atgas-implementations/atgas-store-neo4j/build/classes:/home/ken/NetBeansProjects/atgas-implementations/atgas-store-neo4j/build/test/classes:/home/ken/NetBeansProjects/atgas-implementations/atgas-store-neo4j/build/jar/neo4j-1.6.jar:/home/ken/NetBeansProjects/atgas-implementations/atgas-store-neo4j/build/jar/neo4j-jmx-1.6.jar:/home/ken/NetBeansProjects/atgas-implementations/atgas-store-neo4j/build/jar/neo4j-cypher-1.6.jar:/home/ken/NetBeansProjects/atgas-implementations/atgas-store-neo4j/build/jar/scala-library-2.9.0-1.jar:/home/ken/NetBeansProjects/atgas-implementations/atgas-store-neo4j/build/jar/neo4j-graph-matching-1.6.jar:/home/ken/NetBeansProjects/atgas-implementations/atgas-store-neo4j/build/jar/neo4j-udc-1.6.jar:/home/ken/NetBeansProjects/atgas-implementations/atgas-store-neo4j/build/jar/neo4j-graph-algo-1.6.jar:/home/ken/NetBeansProjects/atgas-implementations/atgas-store-neo4j/build/jar/neo4j-lucene-index-1.6.jar:/home/ken/NetBeansProjects/atgas-implementations/atgas-store-neo4j/build/jar/lucene-core-3.5.0.jar:/home/ken/NetBeansProjects/atgas-implementations/atgas-store-neo4j/build/jar/neo4j-kernel-1.6.jar:/home/ken/NetBeansProjects/atgas-implementations/atgas-store-neo4j/build/jar/geronimo-jta_1.1_spec-1.1.1.jar:/home/ken/netbeans-7.1/java/ant/lib/ant-launcher.jar:/home/ken/netbeans-7.1/java/ant/lib/ant.jar:/home/ken/netbeans-7.1/java/ant/lib/ant-junit.jar:/home/ken/netbeans-7.1/java/ant/lib/ant-junit4.jar" />
    <property name="libs.jaxws21.javadoc" value="/home/ken/netbeans-7.1/java/docs/jaxws-api-doc.zip" />
    <property name="do.jar" value="true" />
    <property name="libs.MySQLDriver.src" value="" />
    <property name="ivy.conf.url.ivy.instance" value="file:/home/ken/NetBeansProjects/atgas-implementations/atgas-store-neo4j/ivysettings.xml" />
    <property name="libs.MySQLDriver.classpath" value="/home/ken/netbeans-7.1/ide/modules/ext/mysql-connector-java-5.1.13-bin.jar" />
    <property name="ant.java.version" value="1.6" />
    <property name="sun.desktop" value="gnome" />
    <property name="annotation.processing.processor.options" value="" />
    <property name="libs.nokiadeployment.classpath" value="/home/ken/netbeans-7.1/mobility/modules/org-netbeans-modules-mobility-deployment-nokia.jar" />
    <property name="java.specification.version" value="1.7" />
    <property name="platforms.JDK_1.7.bootclasspath" value="/usr/local/jdk1.7.0_02/jre/lib/resources.jar:/usr/local/jdk1.7.0_02/jre/lib/rt.jar:/usr/local/jdk1.7.0_02/jre/lib/sunrsasign.jar:/usr/local/jdk1.7.0_02/jre/lib/jsse.jar:/usr/local/jdk1.7.0_02/jre/lib/jce.jar:/usr/local/jdk1.7.0_02/jre/lib/charsets.jar:/usr/local/jdk1.7.0_02/jre/classes:/usr/local/jdk1.7.0_02/jre/lib/ext/sunjce_provider.jar:/usr/local/jdk1.7.0_02/jre/lib/ext/zipfs.jar:/usr/local/jdk1.7.0_02/jre/lib/ext/sunpkcs11.jar:/usr/local/jdk1.7.0_02/jre/lib/ext/dnsns.jar:/usr/local/jdk1.7.0_02/jre/lib/ext/sunec.jar:/usr/local/jdk1.7.0_02/jre/lib/ext/localedata.jar" />
    <property name="libs.spring-webmvc.classpath" value="/home/ken/netbeans-7.1/enterprise/modules/ext/spring/spring-webmvc-2.5.6.SEC01.jar" />
    <property name="annotation.processing.enabled.in.editor" value="false" />
    <property name="libs.eclipselink.src" value="" />
    <property name="ivy.build.artifacts.dir.ivy.instance" value="/home/ken/NetBeansProjects/atgas-implementations/atgas-store-neo4j/build/artifacts" />
    <property name="sun.boot.library.path" value="/usr/local/jdk1.7.0_02/jre/lib/i386" />
    <property name="javadoc.encoding" value="UTF-8" />
    <property name="ivy.checksums.ivy.instance" value="sha1,md5" />
    <property name="ivy.conf.dir.ivy.instance" value="/home/ken/NetBeansProjects/atgas-implementations/atgas-store-neo4j" />
    <property name="ivy.resolved.configurations" value="compile, runtime, compile-test, runtime-test" />
    <property name="user.language.ivy.instance" value="en" />
    <property name="javac.compilerargs" value="" />
    <property name="libs.javaee-web-api-6.0.classpath" value="/home/ken/netbeans-7.1/enterprise/modules/ext/javaee-web-api-6.0.jar" />
    <property name="ant.file.atgas-store-neo4j" value="/home/ken/NetBeansProjects/atgas-implementations/atgas-store-neo4j/build.xml" />
    <property name="netbeans.autoupdate.country" value="US" />
    <property name="sun.boot.class.path.ivy.instance" value="/usr/lib/jvm/java-6-sun-1.6.0.26/jre/lib/resources.jar:/usr/lib/jvm/java-6-sun-1.6.0.26/jre/lib/rt.jar:/usr/lib/jvm/java-6-sun-1.6.0.26/jre/lib/sunrsasign.jar:/usr/lib/jvm/java-6-sun-1.6.0.26/jre/lib/jsse.jar:/usr/lib/jvm/java-6-sun-1.6.0.26/jre/lib/jce.jar:/usr/lib/jvm/java-6-sun-1.6.0.26/jre/lib/charsets.jar:/usr/lib/jvm/java-6-sun-1.6.0.26/jre/lib/modules/jdk.boot.jar:/usr/lib/jvm/java-6-sun-1.6.0.26/jre/classes" />
    <property name="org.openide.version.ivy.instance" value="deprecated" />
    <property name="libs.hibernate-support.classpath" value="/home/ken/netbeans-7.1/java/modules/ext/hibernate/antlr-2.7.6.jar:/home/ken/netbeans-7.1/java/modules/ext/hibernate/asm.jar:/home/ken/netbeans-7.1/java/modules/ext/hibernate/asm-attrs.jar:/home/ken/netbeans-7.1/java/modules/ext/hibernate/cglib-2.1.3.jar:/home/ken/netbeans-7.1/java/modules/ext/hibernate/commons-collections-2.1.1.jar:/home/ken/netbeans-7.1/ide/modules/org-apache-commons-logging.jar:/home/ken/netbeans-7.1/java/modules/ext/hibernate/dom4j-1.6.1.jar:/home/ken/netbeans-7.1/java/modules/ext/hibernate/ehcache-1.2.3.jar:/home/ken/netbeans-7.1/java/modules/ext/hibernate/jdbc2_0-stdext.jar:/home/ken/netbeans-7.1/java/modules/ext/hibernate/jta.jar:/home/ken/netbeans-7.1/java/modules/ext/hibernate/hibernate3.jar:/home/ken/netbeans-7.1/java/modules/ext/hibernate/hibernate-tools.jar:/home/ken/netbeans-7.1/java/modules/ext/hibernate/hibernate-annotations.jar:/home/ken/netbeans-7.1/java/modules/ext/hibernate/hibernate-commons-annotations.jar:/home/ken/netbeans-7.1/java/modules/ext/hibernate/hibernate-entitymanager.jar:/home/ken/netbeans-7.1/java/modules/ext/hibernate/javassist.jar" />
    <property name="path.separator.ivy.instance" value=":" />
    <property name="old.debug.test.classpath" value="../../atgas-core/atgas-store-interface/dist/atgas-store-interface.jar:/home/ken/netbeans-7.1/platform/modules/ext/junit-4.10.jar:build/classes:build/test/classes" />
    <property name="java.vm.specification.vendor.ivy.instance" value="Sun Microsystems Inc." />
    <property name="java.specification.vendor" value="Oracle Corporation" />
    <property name="old.javac.test.classpath" value="../../atgas-core/atgas-store-interface/dist/atgas-store-interface.jar:/home/ken/netbeans-7.1/platform/modules/ext/junit-4.10.jar:build/classes" />
    <property name="javadoc.private" value="false" />
    <property name="user.name" value="ken" />
    <property name="libs.javaee-endorsed-api-6.0.src" value="" />
    <property name="build.compiler.emacs" value="true" />
    <property name="ivy.cache.ttl.default.ivy.instance" value="10s" />
    <property name="libs.nokiadeployment.javadoc" value="" />
    <property name="libs.DataBindingME-PIM.maven-pom" value="" />
    <property name="build.classes.dir" value="build/classes" />
    <property name="ivy.distrib.dir" value="/home/ken/NetBeansProjects/atgas-implementations/atgas-store-neo4j/distrib" />
    <property name="libs.JMUnit4CLDC11.javadoc" value="/home/ken/netbeans-7.1/mobility/modules/docs/jmunit-1.2.1-api.zip" />
    <property name="libs.JMUnit4CLDC11.maven-pom" value="" />
    <property name="libs.cdc-agui-swing-layout.classpath" value="/home/ken/netbeans-7.1/mobility/modules/ext/cdc-agui-swing-layout.jar" />
    <property name="ivy-publish.overwrite" value="true" />
    <property name="libs.DataBindingME-SVG.maven-pom" value="" />
    <property name="ivy.report.output.pattern" value="[organisation]-[module]-[conf].[ext]" />
    <property name="ant.core.lib" value="/home/ken/netbeans-7.1/java/ant/lib/ant.jar" />
    <property name="java.endorsed.dirs" value="/usr/local/jdk1.7.0_02/jre/lib/endorsed" />
    <property name="ivy.classpath.computed.COMPILE_TEST" value="/home/ken/NetBeansProjects/atgas-implementations/atgas-store-neo4j/build/jar/neo4j-1.6.jar:/home/ken/NetBeansProjects/atgas-implementations/atgas-store-neo4j/build/jar/neo4j-jmx-1.6.jar:/home/ken/NetBeansProjects/atgas-implementations/atgas-store-neo4j/build/jar/neo4j-cypher-1.6.jar:/home/ken/NetBeansProjects/atgas-implementations/atgas-store-neo4j/build/jar/scala-library-2.9.0-1.jar:/home/ken/NetBeansProjects/atgas-implementations/atgas-store-neo4j/build/jar/neo4j-graph-matching-1.6.jar:/home/ken/NetBeansProjects/atgas-implementations/atgas-store-neo4j/build/jar/neo4j-udc-1.6.jar:/home/ken/NetBeansProjects/atgas-implementations/atgas-store-neo4j/build/jar/neo4j-graph-algo-1.6.jar:/home/ken/NetBeansProjects/atgas-implementations/atgas-store-neo4j/build/jar/neo4j-lucene-index-1.6.jar:/home/ken/NetBeansProjects/atgas-implementations/atgas-store-neo4j/build/jar/lucene-core-3.5.0.jar:/home/ken/NetBeansProjects/atgas-implementations/atgas-store-neo4j/build/jar/neo4j-kernel-1.6.jar:/home/ken/NetBeansProjects/atgas-implementations/atgas-store-neo4j/build/jar/geronimo-jta_1.1_spec-1.1.1.jar" />
    <property name="libs.jsp-compilation-syscp.maven-pom" value="" />
    <property name="libs.beans-binding.src" value="" />
    <property name="javadoc.nonavbar" value="false" />
    <property name="libs.nb_svg_midp_components.src" value="/home/ken/netbeans-7.1/mobility/sources/nb_svg_midp_components-src.zip" />
    <property name="ivy.classpath.computed.RUNTIME_TEST" value="/home/ken/NetBeansProjects/atgas-implementations/atgas-store-neo4j/build/jar/neo4j-1.6.jar:/home/ken/NetBeansProjects/atgas-implementations/atgas-store-neo4j/build/jar/neo4j-jmx-1.6.jar:/home/ken/NetBeansProjects/atgas-implementations/atgas-store-neo4j/build/jar/neo4j-cypher-1.6.jar:/home/ken/NetBeansProjects/atgas-implementations/atgas-store-neo4j/build/jar/scala-library-2.9.0-1.jar:/home/ken/NetBeansProjects/atgas-implementations/atgas-store-neo4j/build/jar/neo4j-graph-matching-1.6.jar:/home/ken/NetBeansProjects/atgas-implementations/atgas-store-neo4j/build/jar/neo4j-udc-1.6.jar:/home/ken/NetBeansProjects/atgas-implementations/atgas-store-neo4j/build/jar/neo4j-graph-algo-1.6.jar:/home/ken/NetBeansProjects/atgas-implementations/atgas-store-neo4j/build/jar/neo4j-lucene-index-1.6.jar:/home/ken/NetBeansProjects/atgas-implementations/atgas-store-neo4j/build/jar/lucene-core-3.5.0.jar:/home/ken/NetBeansProjects/atgas-implementations/atgas-store-neo4j/build/jar/neo4j-kernel-1.6.jar:/home/ken/NetBeansProjects/atgas-implementations/atgas-store-neo4j/build/jar/geronimo-jta_1.1_spec-1.1.1.jar" />
    <property name="test.test.dir" value="src\main\test" />
    <property name="libs.jaxws21.src" value="" />
    <property name="java.util.logging.config.class" value="org.netbeans.core.startup.TopLogging" />
    <property name="libs.toplink.maven-pom" value="" />
    <property name="platforms.JDK_1.7.compiler" value="modern" />
    <property name="libs.eclipselinkmodelgen.javadoc" value="" />
    <property name="libs.metro.src" value="" />
    <property name="ivy.publish.src.artifacts.pattern.ivy.instance" value="/home/ken/NetBeansProjects/atgas-implementations/atgas-store-neo4j/distrib/[type]s/[artifact]-[revision](-[classifier]).[ext]" />
    <property name="libs.nokiaS80-ant-utils.maven-pom" value="" />
    <property name="libs.jsf12.maven-pom" value="" />
    <property name="libs.JMUnit4CLDC10.classpath" value="/home/ken/netbeans-7.1/mobility/modules/ext/jmunit4cldc10-1.2.1.jar" />
    <property name="java.io.tmpdir" value="/tmp" />
    <property name="sun.zip.disableMemoryMapping.ivy.instance" value="true" />
    <property name="libs.NetBeans MIDP Components.src" value="/home/ken/netbeans-7.1/mobility/sources/netbeans_midp_components_basic-src.zip" />
    <property name="ivy.conf.path.runtime-test" value="/home/ken/NetBeansProjects/atgas-implementations/atgas-store-neo4j/build/jar/neo4j-1.6.jar;/home/ken/NetBeansProjects/atgas-implementations/atgas-store-neo4j/build/jar/neo4j-jmx-1.6.jar;/home/ken/NetBeansProjects/atgas-implementations/atgas-store-neo4j/build/jar/neo4j-cypher-1.6.jar;/home/ken/NetBeansProjects/atgas-implementations/atgas-store-neo4j/build/jar/scala-library-2.9.0-1.jar;/home/ken/NetBeansProjects/atgas-implementations/atgas-store-neo4j/build/jar/neo4j-graph-matching-1.6.jar;/home/ken/NetBeansProjects/atgas-implementations/atgas-store-neo4j/build/jar/neo4j-udc-1.6.jar;/home/ken/NetBeansProjects/atgas-implementations/atgas-store-neo4j/build/jar/neo4j-graph-algo-1.6.jar;/home/ken/NetBeansProjects/atgas-implementations/atgas-store-neo4j/build/jar/neo4j-lucene-index-1.6.jar;/home/ken/NetBeansProjects/atgas-implementations/atgas-store-neo4j/build/jar/lucene-core-3.5.0.jar;/home/ken/NetBeansProjects/atgas-implementations/atgas-store-neo4j/build/jar/neo4j-kernel-1.6.jar;/home/ken/NetBeansProjects/atgas-implementations/atgas-store-neo4j/build/jar/geronimo-jta_1.1_spec-1.1.1.jar" />
    <property name="user.language" value="en" />
    <property name="ant.version" value="Apache Ant(TM) version 1.8.2 compiled on December 20 2010" />
    <property name="libs.NetBeans MIDP Components PDA.classpath" value="/home/ken/netbeans-7.1/mobility/modules/ext/netbeans_midp_components_pda.jar" />
    <property name="user.properties.file" value="/home/ken/.netbeans/7.1/build.properties" />
    <property name="netbeans.dirs" value="/home/ken/netbeans-7.1/nb:/home/ken/netbeans-7.1/ergonomics:/home/ken/netbeans-7.1/ide:/home/ken/netbeans-7.1/java:/home/ken/netbeans-7.1/apisupport:/home/ken/netbeans-7.1/bin/../webcommon:/home/ken/netbeans-7.1/websvccommon:/home/ken/netbeans-7.1/enterprise:/home/ken/netbeans-7.1/mobility:/home/ken/netbeans-7.1/profiler:/home/ken/netbeans-7.1/bin/../python:/home/ken/netbeans-7.1/php:/home/ken/netbeans-7.1/bin/../identity:/home/ken/netbeans-7.1/harness:/home/ken/netbeans-7.1/cnd:/home/ken/netbeans-7.1/dlight:/home/ken/netbeans-7.1/groovy:/home/ken/netbeans-7.1/bin/../extra:/home/ken/netbeans-7.1/bin/../javacard:/home/ken/netbeans-7.1/javafx:" />
    <property name="netbeans.productversion" value="NetBeans IDE 7.1 (Build 201112071828)" />
    <property name="ivy.retrieve.pattern" value="/home/ken/NetBeansProjects/atgas-implementations/atgas-store-neo4j/lib/[artifact]-[revision](-[classifier]).[ext]" />
    <property name="sun.management.compiler.ivy.instance" value="HotSpot Client Compiler" />
    <property name="libs.JAXB-ENDORSED.src" value="" />
    <property name="user.dir.ivy.instance" value="/home/ken" />
    <property name="libs.jsp-compiler.classpath" value="/home/ken/netbeans-7.1/enterprise/ant/extra/jspcompile.jar" />
    <property name="ivy.build.artifacts.dir" value="/home/ken/NetBeansProjects/atgas-implementations/atgas-store-neo4j/build/artifacts" />
    <property name="libs.DataBindingME.javadoc" value="/home/ken/netbeans-7.1/mobility/modules/docs/netbeans_databindingme-api.zip" />
    <property name="libs.NetBeans MIDP Components.classpath" value="/home/ken/netbeans-7.1/mobility/modules/ext/netbeans_midp_components_basic.jar" />
    <property name="ivy.settings.location.kind" value="file" />
    <property name="libs.NetBeans MIDP Components PDA.src" value="/home/ken/netbeans-7.1/mobility/sources/netbeans_midp_components_pda-src.zip" />
    <property name="libs.jaxws21.maven-pom" value="" />
    <property name="libs.CopyLibs.maven-pom" value="" />
    <property name="libs.ejb3-persistence.classpath" value="/home/ken/netbeans-7.1/java/modules/ext/hibernate/ejb3-persistence.jar" />
    <property name="libs.javaee-web-api-6.0.javadoc" value="/home/ken/netbeans-7.1/enterprise/docs/javaee6-doc-api.zip" />
    <property name="java.vm.specification.version.ivy.instance" value="1.0" />
    <property name="libs.jakarta_slide_ant_webdav.classpath" value="/home/ken/netbeans-7.1/mobility/modules/ext/commons-httpclient-3.0.1.jar:/home/ken/netbeans-7.1/ide/modules/org-apache-commons-logging.jar:/home/ken/netbeans-7.1/mobility/modules/ext/jdom-1.0.jar:/home/ken/netbeans-7.1/mobility/modules/ext/jakarta-slide-webdavlib-2.1.jar:/home/ken/netbeans-7.1/mobility/modules/ext/jakarta-slide-ant-webdav-2.1.jar" />
    <property name="user.name.ivy.instance" value="ken" />
    <property name="libs.ant-contrib.javadoc" value="" />
    <property name="libs.semc-ant-utils.maven-pom" value="" />
    <property name="libs.restapi.maven-pom" value="" />
    <property name="application.title" value="atgas-store-neo4j" />
    <property name="java.runtime.name" value="Java(TM) SE Runtime Environment" />
    <property name="ivy.settings.file.ivy.instance" value="/home/ken/NetBeansProjects/atgas-implementations/atgas-store-neo4j/ivysettings.xml" />
    <property name="libs.spring-framework.javadoc" value="" />
    <property name="libs.hibernate-persistence.javadoc" value="" />
    <property name="libs.jakarta_slide_ant_webdav.javadoc" value="" />
    <property name="libs.cdc-agui-swing-layout.src" value="/home/ken/netbeans-7.1/mobility/sources/cdc-agui-swing-layout-src.zip" />
    <property name="netbeans.user.ivy.instance" value="/home/ken/.netbeans/7.1" />
    <property name="libs.DataBindingME.src" value="/home/ken/netbeans-7.1/mobility/sources/netbeans_databindingme-src.zip" />
    <property name="org.openide.major.version" value="IDE/1" />
    <property name="ivy.conf.dir" value="/home/ken/NetBeansProjects/atgas-implementations/atgas-store-neo4j" />
    <property name="java.vendor.url.bug.ivy.instance" value="http://java.sun.com/cgi-bin/bugreport.cgi" />
    <property name="libs.DataBindingME-SVG.src" value="/home/ken/netbeans-7.1/mobility/sources/netbeans_databindingme_svg-src.zip" />
    <property name="ivy.local.default.ivy.pattern.ivy.instance" value="[organisation]/[module]/[revision]/[type]s/[artifact].[ext]" />
    <property name="libs.eclipselinkmodelgen.classpath" value="/home/ken/netbeans-7.1/java/modules/ext/eclipselink/eclipselink-jpa-modelgen-2.3.0.jar" />
    <property name="build.test.classes.dir" value="build/test/classes" />
    <property name="libs.restlib.javadoc" value="/home/ken/netbeans-7.1/enterprise/docs/jersey-1.8-javadoc.zip:/home/ken/netbeans-7.1/enterprise/docs/jersey-apache-client-1.8-javadoc.zip:/home/ken/netbeans-7.1/enterprise/docs/jersey-atom-abdera-1.8-javadoc.zip:/home/ken/netbeans-7.1/enterprise/docs/jersey-guice-1.8-javadoc.zip:/home/ken/netbeans-7.1/enterprise/docs/jersey-multipart-1.8-javadoc.zip:/home/ken/netbeans-7.1/enterprise/docs/jersey-simple-server-1.8-javadoc.zip:/home/ken/netbeans-7.1/enterprise/docs/jersey-spring-1.8-javadoc.zip:/home/ken/netbeans-7.1/enterprise/docs/oauth-client-1.8-javadoc.zip:/home/ken/netbeans-7.1/enterprise/docs/oauth-server-1.8-javadoc.zip:/home/ken/netbeans-7.1/enterprise/docs/oauth-signature-1.8-javadoc.zip" />
    <property name="libs.sjmc-ant-utils.maven-pom" value="" />
    <property name="libs.primefaces.src" value="" />
    <property name="ivy.lib.dir.ivy.instance" value="/home/ken/NetBeansProjects/atgas-implementations/atgas-store-neo4j/lib" />
    <property name="debug-transport-by-os" value="dt_socket" />
    <property name="ivy.default.conf.dir" value="jar:file:/home/ken/.netbeans/7.1/modules/ext/ivy-2.1.0.jar!/org/apache/ivy/core/settings" />
    <property name="libs.jsf20.javadoc" value="/home/ken/netbeans-7.1/enterprise/docs/javaee6-doc-api.zip" />
    <property name="run.test.classpath" value="../../atgas-core/atgas-store-interface/dist/atgas-store-interface.jar:/home/ken/netbeans-7.1/platform/modules/ext/junit-4.10.jar:build/classes:build/test/classes:/home/ken/NetBeansProjects/atgas-implementations/atgas-store-neo4j/build/jar/neo4j-1.6.jar:/home/ken/NetBeansProjects/atgas-implementations/atgas-store-neo4j/build/jar/neo4j-jmx-1.6.jar:/home/ken/NetBeansProjects/atgas-implementations/atgas-store-neo4j/build/jar/neo4j-cypher-1.6.jar:/home/ken/NetBeansProjects/atgas-implementations/atgas-store-neo4j/build/jar/scala-library-2.9.0-1.jar:/home/ken/NetBeansProjects/atgas-implementations/atgas-store-neo4j/build/jar/neo4j-graph-matching-1.6.jar:/home/ken/NetBeansProjects/atgas-implementations/atgas-store-neo4j/build/jar/neo4j-udc-1.6.jar:/home/ken/NetBeansProjects/atgas-implementations/atgas-store-neo4j/build/jar/neo4j-graph-algo-1.6.jar:/home/ken/NetBeansProjects/atgas-implementations/atgas-store-neo4j/build/jar/neo4j-lucene-index-1.6.jar:/home/ken/NetBeansProjects/atgas-implementations/atgas-store-neo4j/build/jar/lucene-core-3.5.0.jar:/home/ken/NetBeansProjects/atgas-implementations/atgas-store-neo4j/build/jar/neo4j-kernel-1.6.jar:/home/ken/NetBeansProjects/atgas-implementations/atgas-store-neo4j/build/jar/geronimo-jta_1.1_spec-1.1.1.jar" />
    <property name="ant.file.ivy-impl" value="/home/ken/NetBeansProjects/atgas-implementations/atgas-store-neo4j/nbproject/ivy-impl.xml" />
    <property name="line.separator" value="&#xa;" />
    <property name="libs.DataBindingME-PIM.javadoc" value="/home/ken/netbeans-7.1/mobility/modules/docs/netbeans_databindingme_pim-api.zip" />
    <property name="libs.cdc-ant-utils.javadoc" value="" />
    <property name="java.vendor" value="Oracle Corporation" />
    <property name="java.vm.specification.name" value="Java Virtual Machine Specification" />
    <property name="libs.ojec-ant-utils.maven-pom" value="" />
    <property name="ivy.settings.file" value="ivysettings.xml" />
    <property name="netbeans.user" value="/home/ken/.netbeans/7.1" />
    <property name="libs.javac-api.javadoc" value="" />
    <property name="libs.spring-framework300.javadoc" value="" />
    <property name="project.atgas-store-interface" value="../../atgas-core/atgas-store-interface" />
    <property name="ivy.deliver.ivy.pattern.ivy.instance" value="/home/ken/NetBeansProjects/atgas-implementations/atgas-store-neo4j/distrib/[type]s/[artifact]-[revision](-[classifier]).[ext]" />
    <property name="ivy.default.conf.dir.ivy.instance" value="jar:file:/home/ken/.netbeans/7.1/modules/ext/ivy-2.1.0.jar!/org/apache/ivy/core/settings" />
    <property name="ivy.conf.path.compile" value="/home/ken/NetBeansProjects/atgas-implementations/atgas-store-neo4j/build/jar/neo4j-1.6.jar;/home/ken/NetBeansProjects/atgas-implementations/atgas-store-neo4j/build/jar/neo4j-jmx-1.6.jar;/home/ken/NetBeansProjects/atgas-implementations/atgas-store-neo4j/build/jar/neo4j-cypher-1.6.jar;/home/ken/NetBeansProjects/atgas-implementations/atgas-store-neo4j/build/jar/scala-library-2.9.0-1.jar;/home/ken/NetBeansProjects/atgas-implementations/atgas-store-neo4j/build/jar/neo4j-graph-matching-1.6.jar;/home/ken/NetBeansProjects/atgas-implementations/atgas-store-neo4j/build/jar/neo4j-udc-1.6.jar;/home/ken/NetBeansProjects/atgas-implementations/atgas-store-neo4j/build/jar/neo4j-graph-algo-1.6.jar;/home/ken/NetBeansProjects/atgas-implementations/atgas-store-neo4j/build/jar/neo4j-lucene-index-1.6.jar;/home/ken/NetBeansProjects/atgas-implementations/atgas-store-neo4j/build/jar/lucene-core-3.5.0.jar;/home/ken/NetBeansProjects/atgas-implementations/atgas-store-neo4j/build/jar/neo4j-kernel-1.6.jar;/home/ken/NetBeansProjects/atgas-implementations/atgas-store-neo4j/build/jar/geronimo-jta_1.1_spec-1.1.1.jar" />
    <property name="platform.compiler" value="${platforms.JDK_1.7.compile}" />
    <property name="javadoc.splitindex" value="true" />
    <property name="org.openide.version" value="deprecated" />
    <property name="apple.laf.useScreenMenuBar.ivy.instance" value="true" />
    <property name="libs.beans-binding.javadoc" value="/home/ken/netbeans-7.1/java/docs/beansbinding-1.2.1-doc.zip" />
    <property name="libs.sjmc-ant-utils.src" value="" />
    <property name="libs.jsp-compiler.javadoc" value="" />
    <property name="ant.file" value="/home/ken/NetBeansProjects/atgas-implementations/atgas-store-neo4j/build.xml" />
    <property name="java.vm.vendor.ivy.instance" value="Sun Microsystems Inc." />
    <property name="netbeans.productversion.ivy.instance" value="NetBeans IDE 7.1 (Build 201112071828)" />
    <property name="ivy.default.settings.dir.ivy.instance" value="jar:file:/home/ken/.netbeans/7.1/modules/ext/ivy-2.1.0.jar!/org/apache/ivy/core/settings" />
    <property name="libs.junit.maven-pom" value="" />
    <property name="libs.javaee-endorsed-api-6.0.javadoc" value="/home/ken/netbeans-7.1/enterprise/docs/javaee6-doc-api.zip" />
    <property name="libs.ojec-ant-utils.src" value="" />
    <property name="dist.jar" value="dist/atgas-store-neo4j.jar" />
    <property name="org.openide.specification.version.ivy.instance" value="6.2" />
    <property name="java.class.path.ivy.instance" value="/usr/lib/jvm/java-6-sun-1.6.0.26/lib/sa-jdi.jar:/usr/lib/jvm/java-6-sun-1.6.0.26/lib/tools.jar:/usr/lib/jvm/java-6-sun-1.6.0.26/lib/dt.jar:/usr/lib/jvm/java-6-sun-1.6.0.26/lib/htmlconverter.jar:/usr/lib/jvm/java-6-sun-1.6.0.26/lib/jconsole.jar:/home/ken/netbeans-7.1/java/ant/lib/ant-apache-log4j.jar:/home/ken/netbeans-7.1/java/ant/lib/ant-apache-resolver.jar:/home/ken/netbeans-7.1/java/ant/lib/ant-commons-net.jar:/home/ken/netbeans-7.1/java/ant/lib/ant-netrexx.jar:/home/ken/netbeans-7.1/java/ant/lib/ant-jmf.jar:/home/ken/netbeans-7.1/java/ant/lib/ant-apache-bcel.jar:/home/ken/netbeans-7.1/java/ant/lib/ant-apache-regexp.jar:/home/ken/netbeans-7.1/java/ant/lib/ant-jsch.jar:/home/ken/netbeans-7.1/java/ant/lib/ant-junit4.jar:/home/ken/netbeans-7.1/java/ant/lib/ant-apache-xalan2.jar:/home/ken/netbeans-7.1/java/ant/lib/ant-jai.jar:/home/ken/netbeans-7.1/java/ant/lib/ant-commons-logging.jar:/home/ken/netbeans-7.1/java/ant/lib/ant-launcher.jar:/home/ken/netbeans-7.1/java/ant/lib/ant.jar:/home/ken/netbeans-7.1/java/ant/lib/ant-apache-bsf.jar:/home/ken/netbeans-7.1/java/ant/lib/ant-apache-oro.jar:/home/ken/netbeans-7.1/java/ant/lib/ant-junit.jar:/home/ken/netbeans-7.1/java/ant/lib/ant-antlr.jar:/home/ken/netbeans-7.1/java/ant/lib/ant-testutil.jar:/home/ken/netbeans-7.1/java/ant/lib/ant-jdepend.jar:/home/ken/netbeans-7.1/java/ant/lib/ant-javamail.jar:/home/ken/netbeans-7.1/java/ant/lib/ant-swing.jar:/home/ken/netbeans-7.1/ide/modules/com-jcraft-jsch.jar:/home/ken/netbeans-7.1/ide/modules/com-jcraft-jzlib.jar:/home/ken/netbeans-7.1/ide/modules/ext/commons-net-3.0.1.jar" />
    <property name="org.openide.specification.version" value="6.2" />
    <property name="java.ext.dirs.ivy.instance" value="/usr/lib/jvm/java-6-sun-1.6.0.26/jre/lib/ext:/usr/java/packages/lib/ext" />
    <property name="libs.JAXB-ENDORSED.classpath" value="/home/ken/netbeans-7.1/ide/modules/ext/jaxb/api/jaxb-api.jar" />
    <property name="libs.beans-binding.classpath" value="/home/ken/netbeans-7.1/java/modules/ext/beansbinding-1.2.1.jar" />
    <property name="ivy.shared.default.root" value="/home/ken/.netbeans/7.1/modules/ext/ivy-2.1.0.jar/shared" />
    <property name="libs.NetBeans MIDP Components WMA.maven-pom" value="" />
    <property name="libs.j2me_ant_ext.javadoc" value="" />
    <property name="ivy.publish.src.artifacts.pattern" value="/home/ken/NetBeansProjects/atgas-implementations/atgas-store-neo4j/distrib/[type]s/[artifact]-[revision](-[classifier]).[ext]" />
    <property name="ivy.basedir" value="/home/ken/NetBeansProjects/atgas-implementations/atgas-store-neo4j" />
    <property name="work.dir" value="/home/ken/NetBeansProjects/atgas-implementations/atgas-store-neo4j" />
    <property name="ivy.default.always.check.exact.revision" value="false" />
    <property name="libs.metro.javadoc" value="/home/ken/netbeans-7.1/enterprise/docs/metro-1.4-doc.zip" />
    <property name="user.country.ivy.instance" value="US" />
    <property name="ivy.project.dir.ivy.instance" value="/home/ken/NetBeansProjects/atgas-implementations/atgas-store-neo4j" />
    <property name="ivy.resolver.default.check.modified.ivy.instance" value="false" />
    <property name="apple.awt.graphics.UseQuartz.ivy.instance" value="true" />
    <property name="java.specification.name" value="Java Platform API Specification" />
    <property name="libs.spring-webmvc3.0.src" value="" />
    <property name="ivy.conf.path.compile-test" value="/home/ken/NetBeansProjects/atgas-implementations/atgas-store-neo4j/build/jar/neo4j-1.6.jar;/home/ken/NetBeansProjects/atgas-implementations/atgas-store-neo4j/build/jar/neo4j-jmx-1.6.jar;/home/ken/NetBeansProjects/atgas-implementations/atgas-store-neo4j/build/jar/neo4j-cypher-1.6.jar;/home/ken/NetBeansProjects/atgas-implementations/atgas-store-neo4j/build/jar/scala-library-2.9.0-1.jar;/home/ken/NetBeansProjects/atgas-implementations/atgas-store-neo4j/build/jar/neo4j-graph-matching-1.6.jar;/home/ken/NetBeansProjects/atgas-implementations/atgas-store-neo4j/build/jar/neo4j-udc-1.6.jar;/home/ken/NetBeansProjects/atgas-implementations/atgas-store-neo4j/build/jar/neo4j-graph-algo-1.6.jar;/home/ken/NetBeansProjects/atgas-implementations/atgas-store-neo4j/build/jar/neo4j-lucene-index-1.6.jar;/home/ken/NetBeansProjects/atgas-implementations/atgas-store-neo4j/build/jar/lucene-core-3.5.0.jar;/home/ken/NetBeansProjects/atgas-implementations/atgas-store-neo4j/build/jar/neo4j-kernel-1.6.jar;/home/ken/NetBeansProjects/atgas-implementations/atgas-store-neo4j/build/jar/geronimo-jta_1.1_spec-1.1.1.jar" />
    <property name="libs.nb_svg_midp_components.maven-pom" value="" />
    <property name="libs.CopyLibs.classpath" value="/home/ken/netbeans-7.1/java/ant/extra/org-netbeans-modules-java-j2seproject-copylibstask.jar" />
    <property name="javadoc.author" value="false" />
    <property name="annotation.processing.source.output" value="build/generated-sources/ap-source-output" />
    <property name="libs.junit.javadoc" value="/home/ken/netbeans-7.1/java/docs/junit-3.8.2-api.zip" />
    <property name="libs.jaxb.maven-pom" value="" />
    <property name="ivy.local.default.root.ivy.instance" value="/home/ken/.netbeans/7.1/modules/ext/ivy-2.1.0.jar/local" />
    <property name="ivy.classpath.computed.COMPILE" value="/home/ken/NetBeansProjects/atgas-implementations/atgas-store-neo4j/build/jar/neo4j-1.6.jar:/home/ken/NetBeansProjects/atgas-implementations/atgas-store-neo4j/build/jar/neo4j-jmx-1.6.jar:/home/ken/NetBeansProjects/atgas-implementations/atgas-store-neo4j/build/jar/neo4j-cypher-1.6.jar:/home/ken/NetBeansProjects/atgas-implementations/atgas-store-neo4j/build/jar/scala-library-2.9.0-1.jar:/home/ken/NetBeansProjects/atgas-implementations/atgas-store-neo4j/build/jar/neo4j-graph-matching-1.6.jar:/home/ken/NetBeansProjects/atgas-implementations/atgas-store-neo4j/build/jar/neo4j-udc-1.6.jar:/home/ken/NetBeansProjects/atgas-implementations/atgas-store-neo4j/build/jar/neo4j-graph-algo-1.6.jar:/home/ken/NetBeansProjects/atgas-implementations/atgas-store-neo4j/build/jar/neo4j-lucene-index-1.6.jar:/home/ken/NetBeansProjects/atgas-implementations/atgas-store-neo4j/build/jar/lucene-core-3.5.0.jar:/home/ken/NetBeansProjects/atgas-implementations/atgas-store-neo4j/build/jar/neo4j-kernel-1.6.jar:/home/ken/NetBeansProjects/atgas-implementations/atgas-store-neo4j/build/jar/geronimo-jta_1.1_spec-1.1.1.jar" />
    <property name="libs.groovy-all.javadoc" value="" />
    <property name="java.vendor.url" value="http://java.oracle.com/" />
    <property name="libs.eclipselinkmodelgen.src" value="" />
    <property name="netbeans.autoupdate.variant.ivy.instance" value="" />
    <property name="ivy.distrib.dir.ivy.instance" value="/home/ken/NetBeansProjects/atgas-implementations/atgas-store-neo4j/distrib" />
    <property name="libs.jsf20.src" value="" />
    <property name="ant.file.type.atgas-store-neo4j" value="file" />
    <property name="libs.savaje-ant-utils.maven-pom" value="" />
    <property name="libs.ejb3-persistence.src" value="" />
    <property name="platform.javac.tmp" value="${platforms.JDK_1.7.javac}" />
    <property name="ivy.configurations" value="*" />
    <property name="jdk.home" value="/usr/lib/jvm/java-6-sun" />
    <property name="libs.junit.src" value="" />
    <property name="ivy.shared.default.ivy.pattern" value="[organisation]/[module]/[revision]/[type]s/[artifact].[ext]" />
    <property name="libs.JWSAntTasks.maven-pom" value="" />
    <property name="libs.restapi.src" value="" />
    <property name="java.awt.graphicsenv.ivy.instance" value="sun.awt.X11GraphicsEnvironment" />
    <property name="libs.swing-layout.maven-pom" value="" />
    <property name="netbeans.autoupdate.version.ivy.instance" value="1.23" />
    <property name="mkdist.disabled" value="true" />
    <property name="run.jvmargs" value="" />
    <property name="os.version" value="3.0.0-15-generic" />
    <property name="libs.spring-framework.maven-pom" value="" />
    <property name="ant.project.invoked-targets" value="test" />
    <property name="sun.arch.data.model.ivy.instance" value="32" />
    <property name="junit.forkmode" value="perTest" />
    <property name="libs.DataBindingME-PIM.classpath" value="/home/ken/netbeans-7.1/mobility/modules/ext/netbeans_databindingme_pim.jar" />
    <property name="meta.inf.dir" value="src/main/java/META-INF" />
    <property name="annotation.processing.enabled" value="true" />
    <property name="java.library.path.ivy.instance" value="/usr/lib/jvm/java-6-sun-1.6.0.26/jre/lib/i386/client:/usr/lib/jvm/java-6-sun-1.6.0.26/jre/lib/i386:/usr/lib/jvm/java-6-sun-1.6.0.26/jre/../lib/i386:/usr/java/packages/lib/i386:/lib:/usr/lib" />
    <property name="netbeans.importclass.ivy.instance" value="org.netbeans.upgrade.AutoUpgrade" />
    <property name="ant-contrib.lib" value="/home/ken/.netbeans/7.1/modules/ext/ant-contrib-1.0b3.jar" />
    <property name="run.classpath" value="../../atgas-core/atgas-store-interface/dist/atgas-store-interface.jar:/home/ken/netbeans-7.1/platform/modules/ext/junit-4.10.jar:build/classes:/home/ken/NetBeansProjects/atgas-implementations/atgas-store-neo4j/build/jar/neo4j-1.6.jar:/home/ken/NetBeansProjects/atgas-implementations/atgas-store-neo4j/build/jar/neo4j-jmx-1.6.jar:/home/ken/NetBeansProjects/atgas-implementations/atgas-store-neo4j/build/jar/neo4j-cypher-1.6.jar:/home/ken/NetBeansProjects/atgas-implementations/atgas-store-neo4j/build/jar/scala-library-2.9.0-1.jar:/home/ken/NetBeansProjects/atgas-implementations/atgas-store-neo4j/build/jar/neo4j-graph-matching-1.6.jar:/home/ken/NetBeansProjects/atgas-implementations/atgas-store-neo4j/build/jar/neo4j-udc-1.6.jar:/home/ken/NetBeansProjects/atgas-implementations/atgas-store-neo4j/build/jar/neo4j-graph-algo-1.6.jar:/home/ken/NetBeansProjects/atgas-implementations/atgas-store-neo4j/build/jar/neo4j-lucene-index-1.6.jar:/home/ken/NetBeansProjects/atgas-implementations/atgas-store-neo4j/build/jar/lucene-core-3.5.0.jar:/home/ken/NetBeansProjects/atgas-implementations/atgas-store-neo4j/build/jar/neo4j-kernel-1.6.jar:/home/ken/NetBeansProjects/atgas-implementations/atgas-store-neo4j/build/jar/geronimo-jta_1.1_spec-1.1.1.jar" />
    <property name="java.vm.info.ivy.instance" value="mixed mode, sharing" />
    <property name="platform.bootcp" value="/usr/local/jdk1.7.0_02/jre/lib/resources.jar:/usr/local/jdk1.7.0_02/jre/lib/rt.jar:/usr/local/jdk1.7.0_02/jre/lib/sunrsasign.jar:/usr/local/jdk1.7.0_02/jre/lib/jsse.jar:/usr/local/jdk1.7.0_02/jre/lib/jce.jar:/usr/local/jdk1.7.0_02/jre/lib/charsets.jar:/usr/local/jdk1.7.0_02/jre/classes:/usr/local/jdk1.7.0_02/jre/lib/ext/sunjce_provider.jar:/usr/local/jdk1.7.0_02/jre/lib/ext/zipfs.jar:/usr/local/jdk1.7.0_02/jre/lib/ext/sunpkcs11.jar:/usr/local/jdk1.7.0_02/jre/lib/ext/dnsns.jar:/usr/local/jdk1.7.0_02/jre/lib/ext/sunec.jar:/usr/local/jdk1.7.0_02/jre/lib/ext/localedata.jar" />
    <property name="built-jar.properties" value="/home/ken/NetBeansProjects/atgas-implementations/atgas-store-neo4j/build/built-jar.properties" />
    <property name="libs.JMUnit4CLDC11.classpath" value="/home/ken/netbeans-7.1/mobility/modules/ext/jmunit4cldc11-1.2.1.jar" />
    <property name="ant.project.name" value="atgas-store-neo4j" />
    <property name="libs.NetBeans MIDP Components WMA.src" value="/home/ken/netbeans-7.1/mobility/sources/netbeans_midp_components_wma-src.zip" />
    <property name="sun.java.launcher.ivy.instance" value="SUN_STANDARD" />
    <property name="libs.DataBindingME-SVG.classpath" value="/home/ken/netbeans-7.1/mobility/modules/ext/netbeans_databindingme_svg.jar" />
    <property name="libs.PostgreSQLDriver.javadoc" value="" />
    <property name="netbeans.home.ivy.instance" value="/home/ken/netbeans-7.1/platform" />
    <property name="lib.dir" value="jar" />
    <property name="java.specification.vendor.ivy.instance" value="Sun Microsystems Inc." />
    <property name="libs.jsp-compilation-syscp.classpath" value="/home/ken/netbeans-7.1/java/ant/lib/ant.jar:/home/ken/netbeans-7.1/enterprise/modules/ext/servlet3.0-jsp2.2-api.jar:/home/ken/netbeans-7.1/enterprise/modules/ext/glassfish-jspparser-3.0.jar:/home/ken/netbeans-7.1/enterprise/modules/ext/standard.jar:/home/ken/netbeans-7.1/enterprise/modules/ext/jsf-2_1/jsf-impl.jar" />
    <property name="libs.jsp-compiler.src" value="" />
    <property name="libs.javaee-endorsed-api-6.0.maven-pom" value="" />
    <property name="libs.toplink.src" value="" />
    <property name="org.openide.major.version.ivy.instance" value="IDE/1" />
    <property name="ivy.conf.url" value="file:/home/ken/NetBeansProjects/atgas-implementations/atgas-store-neo4j/ivysettings.xml" />
    <property name="application.vendor" value="Ken" />
    <property name="javadoc.encoding.used" value="UTF-8" />
    <property name="javadoc.notree" value="false" />
    <property name="sun.boot.class.path" value="/usr/local/jdk1.7.0_02/jre/lib/resources.jar:/usr/local/jdk1.7.0_02/jre/lib/rt.jar:/usr/local/jdk1.7.0_02/jre/lib/sunrsasign.jar:/usr/local/jdk1.7.0_02/jre/lib/jsse.jar:/usr/local/jdk1.7.0_02/jre/lib/jce.jar:/usr/local/jdk1.7.0_02/jre/lib/charsets.jar:/usr/local/jdk1.7.0_02/jre/classes" />
    <property name="ivy.default.ivy.user.dir" value="/home/ken/.netbeans/7.1/modules/ext/ivy-2.1.0.jar" />
    <property name="build.sysclasspath" value="ignore" />
    <property name="libs.JWSAntTasks.src" value="" />
    <property name="ivy.targets.copied" value="false" />
    <property name="libs.NetBeans MIDP Components WMA.classpath" value="/home/ken/netbeans-7.1/mobility/modules/ext/netbeans_midp_components_wma.jar" />
    <property name="libs.NetBeans MIDP Components.javadoc" value="/home/ken/netbeans-7.1/mobility/modules/docs/netbeans_midp_components_basic-api.zip" />
    <property name="netbeans.autoupdate.variant" value="" />
    <property name="sun.jnu.encoding" value="UTF-8" />
    <property name="platform.java.tmp" value="${platforms.JDK_1.7.java}" />
    <property name="libs.struts.javadoc" value="/home/ken/netbeans-7.1/enterprise/docs/struts-1.3.10-javadoc.zip" />
    <property name="libs.toplink.classpath" value="/home/ken/netbeans-7.1/java/modules/ext/toplink/toplink-essentials.jar:/home/ken/netbeans-7.1/java/modules/ext/toplink/toplink-essentials-agent.jar" />
    <property name="libs.j2me_ant_ext.src" value="" />
    <property name="netbeans.autoupdate.language.ivy.instance" value="en" />
    <property name="javadoc.additionalparam" value="" />
    <property name="libs.nokiaS80-ant-utils.classpath" value="/home/ken/netbeans-7.1/mobility/modules/ext/org-netbeans-modules-j2me-cdc-project-nokiaS80.jar" />
    <property name="libs.ojec-ant-utils.javadoc" value="" />
    <property name="ivy-publish.resolver" value="local" />
    <property name="source.encoding" value="UTF-8" />
    <property name="libs.cdc-pp-awt-layout.maven-pom" value="" />
    <property name="libs.jsf12.classpath" value="/home/ken/netbeans-7.1/enterprise/modules/ext/jsf-1_2/commons-beanutils.jar:/home/ken/netbeans-7.1/enterprise/modules/ext/jsf-1_2/commons-collections.jar:/home/ken/netbeans-7.1/enterprise/modules/ext/jsf-1_2/commons-digester.jar:/home/ken/netbeans-7.1/enterprise/modules/ext/jsf-1_2/commons-logging.jar:/home/ken/netbeans-7.1/enterprise/modules/ext/jsf-1_2/jsf-api.jar:/home/ken/netbeans-7.1/enterprise/modules/ext/jsf-1_2/jsf-impl.jar" />
    <property name="sun.java.command" value="org.apache.tools.ant.taskdefs.optional.junit.JUnitTestRunner org.atgas.store.neo4j.StoreFactoryTest filtertrace=true haltOnError=false haltOnFailure=false showoutput=true outputtoformatters=true logfailedtests=true logtestlistenerevents=true formatter=org.apache.tools.ant.taskdefs.optional.junit.BriefJUnitResultFormatter formatter=org.apache.tools.ant.taskdefs.optional.junit.XMLJUnitResultFormatter,/home/ken/NetBeansProjects/atgas-implementations/atgas-store-neo4j/build/test/results/TEST-org.atgas.store.neo4j.StoreFactoryTest.xml crashfile=/home/ken/NetBeansProjects/atgas-implementations/atgas-store-neo4j/build/junitvmwatcher1287406846593773079.properties propsfile=/home/ken/NetBeansProjects/atgas-implementations/atgas-store-neo4j/build/junit681649718361870428.properties" />
    <property name="libs.jsp-compilation-syscp.src" value="" />
    <property name="libs.metro.maven-pom" value="" />
    <property name="old.run.classpath" value="../../atgas-core/atgas-store-interface/dist/atgas-store-interface.jar:/home/ken/netbeans-7.1/platform/modules/ext/junit-4.10.jar:build/classes" />
    <property name="ivy.resolved.file" value="/home/ken/NetBeansProjects/atgas-implementations/atgas-store-neo4j/ivy.xml" />
    <property name="libs.restlib.maven-pom" value="" />
    <property name="reference.atgas-store-interface.jar" value="../../atgas-core/atgas-store-interface/dist/atgas-store-interface.jar" />
    <property name="application.args" value="" />
    <property name="libs.javaee-api-6.0.src" value="" />
    <property name="platform.javadoc" value="/usr/local/jdk1.7.0_02/bin/javadoc" />
    <property name="platform.active" value="JDK_1.7" />
    <property name="libs.jaxws21.classpath" value="/home/ken/netbeans-7.1/ide/modules/ext/jaxb/jaxb-impl.jar:/home/ken/netbeans-7.1/ide/modules/ext/jaxb/jaxb-xjc.jar:/home/ken/netbeans-7.1/java/modules/ext/jaxws22/FastInfoset.jar:/home/ken/netbeans-7.1/java/modules/ext/jaxws22/gmbal-api-only.jar:/home/ken/netbeans-7.1/java/modules/ext/jaxws22/http.jar:/home/ken/netbeans-7.1/java/modules/ext/jaxws22/jaxws-rt.jar:/home/ken/netbeans-7.1/java/modules/ext/jaxws22/jaxws-tools.jar:/home/ken/netbeans-7.1/java/modules/ext/jaxws22/management-api.jar:/home/ken/netbeans-7.1/java/modules/ext/jaxws22/mimepull.jar:/home/ken/netbeans-7.1/java/modules/ext/jaxws22/policy.jar:/home/ken/netbeans-7.1/java/modules/ext/jaxws22/saaj-impl.jar:/home/ken/netbeans-7.1/java/modules/ext/jaxws22/stax-ex.jar:/home/ken/netbeans-7.1/java/modules/ext/jaxws22/streambuffer.jar:/home/ken/netbeans-7.1/java/modules/ext/jaxws22/woodstox.jar:/home/ken/netbeans-7.1/java/modules/ext/jaxws22/api/jaxws-api.jar:/home/ken/netbeans-7.1/java/modules/ext/jaxws22/api/jsr181-api.jar:/home/ken/netbeans-7.1/java/modules/ext/jaxws22/api/jsr250-api.jar:/home/ken/netbeans-7.1/java/modules/ext/jaxws22/api/saaj-api.jar:/home/ken/netbeans-7.1/ide/modules/ext/jaxb/activation.jar:/home/ken/netbeans-7.1/ide/modules/ext/jaxb/api/jaxb-api.jar:/home/ken/netbeans-7.1/ide/modules/ext/jaxb/api/jsr173_api.jar" />
    <property name="libs.JWSAntTasks.classpath" value="/home/ken/netbeans-7.1/java/ant/extra/org-netbeans-modules-javawebstart-anttasks.jar" />
    <property name="file.encoding.pkg" value="sun.io" />
    <property name="libs.semc-ant-utils.classpath" value="/home/ken/netbeans-7.1/mobility/modules/ext/org-netbeans-modules-j2me-cdc-project-semc.jar" />
    <property name="libs.javac-api.src" value="" />
    <property name="libs.restapi.classpath" value="/home/ken/netbeans-7.1/enterprise/modules/ext/rest/jsr311-api-1.1.1.jar" />
    <property name="java.awt.printerjob" value="sun.print.PSPrinterJob" />
    <property name="jar.index.metainf" value="false" />
    <property name="netbeans.hash.code" value="unique=NB_CND_GFMOD_GROOVY_JAVA_MOB_PHP_WEBEE0b8eb7979-1105-4bc3-bb34-de140ce0862d_2b862508-9a1b-48d4-8039-bb4d442c91c2" />
    <property name="debug-transport" value="dt_socket" />
    <property name="netbeans.accept_license_class.ivy.instance" value="org.netbeans.license.AcceptLicense" />
    <property name="netbeans.importclass" value="org.netbeans.upgrade.AutoUpgrade" />
    <property name="libs.jsp-compilation.maven-pom" value="" />
    <property name="ignore.failing.tests" value="true" />
    <property name="libs.sjmc-ant-utils.classpath" value="/home/ken/netbeans-7.1/mobility/modules/ext/org-netbeans-modules-j2me-cdc-project-sjmc.jar" />
    <property name="have.sources" value="true" />
    <property name="nb.show.statistics.ui.ivy.instance" value="usageStatisticsEnabled" />
    <property name="sun.cpu.endian.ivy.instance" value="little" />
    <property name="os.arch" value="i386" />
    <property name="ivy.settings.dir.ivy.instance" value="/home/ken/NetBeansProjects/atgas-implementations/atgas-store-neo4j" />
    <property name="ivy.local.default.ivy.pattern" value="[organisation]/[module]/[revision]/[type]s/[artifact].[ext]" />
    <property name="libs.JMUnit4CLDC10.javadoc" value="/home/ken/netbeans-7.1/mobility/modules/docs/jmunit-1.2.1-api.zip" />
    <property name="libs.JMUnit4CLDC10.src" value="" />
    <property name="sun.os.patch.level.ivy.instance" value="unknown" />
    <property name="libs.struts.src" value="" />
    <property name="old.javac.processorpath" value="../../atgas-core/atgas-store-interface/dist/atgas-store-interface.jar:/home/ken/netbeans-7.1/platform/modules/ext/junit-4.10.jar" />
    <property name="java.specification.name.ivy.instance" value="Java Platform API Specification" />
    <property name="libs.CopyLibs.src" value="" />
    <property name="platform.javac" value="/usr/local/jdk1.7.0_02/bin/javac" />
    <property name="java.vm.name" value="Java HotSpot(TM) Server VM" />
    <property name="ivy.classpath.computed.PROCESSOR" value="/home/ken/NetBeansProjects/atgas-implementations/atgas-store-neo4j/build/jar/neo4j-1.6.jar:/home/ken/NetBeansProjects/atgas-implementations/atgas-store-neo4j/build/jar/neo4j-jmx-1.6.jar:/home/ken/NetBeansProjects/atgas-implementations/atgas-store-neo4j/build/jar/neo4j-cypher-1.6.jar:/home/ken/NetBeansProjects/atgas-implementations/atgas-store-neo4j/build/jar/scala-library-2.9.0-1.jar:/home/ken/NetBeansProjects/atgas-implementations/atgas-store-neo4j/build/jar/neo4j-graph-matching-1.6.jar:/home/ken/NetBeansProjects/atgas-implementations/atgas-store-neo4j/build/jar/neo4j-udc-1.6.jar:/home/ken/NetBeansProjects/atgas-implementations/atgas-store-neo4j/build/jar/neo4j-graph-algo-1.6.jar:/home/ken/NetBeansProjects/atgas-implementations/atgas-store-neo4j/build/jar/neo4j-lucene-index-1.6.jar:/home/ken/NetBeansProjects/atgas-implementations/atgas-store-neo4j/build/jar/lucene-core-3.5.0.jar:/home/ken/NetBeansProjects/atgas-implementations/atgas-store-neo4j/build/jar/neo4j-kernel-1.6.jar:/home/ken/NetBeansProjects/atgas-implementations/atgas-store-neo4j/build/jar/geronimo-jta_1.1_spec-1.1.1.jar" />
    <property name="java.vm.specification.name.ivy.instance" value="Java Virtual Machine Specification" />
    <property name="libs.ojec-ant-utils.classpath" value="/home/ken/netbeans-7.1/mobility/modules/ext/org-netbeans-modules-j2me-cdc-project-ojec.jar" />
    <property name="compile.on.save" value="false" />
    <property name="ivy.conf.file" value="/home/ken/NetBeansProjects/atgas-implementations/atgas-store-neo4j/ivysettings.xml" />
    <property name="ivy.dep.file" value="ivy.xml" />
    <property name="default.javac.source" value="1.6" />
    <property name="java.library.path" value="/usr/local/jdk1.7.0_02/jre/lib/i386/server:/usr/local/jdk1.7.0_02/jre/lib/i386:/usr/local/jdk1.7.0_02/jre/../lib/i386:/usr/lib/jvm/java-6-sun-1.6.0.26/jre/lib/i386/client:/usr/lib/jvm/java-6-sun-1.6.0.26/jre/lib/i386:/usr/lib/jvm/java-6-sun-1.6.0.26/jre/../lib/i386:/usr/java/packages/lib/i386:/lib:/usr/lib" />
    <property name="ivy.settings.location" value="ivysettings.xml" />
    <property name="ivy.dep.file.ivy.instance" value="ivy.xml" />
    <property name="java.vm.specification.vendor" value="Oracle Corporation" />
    <property name="libs.junit_4.maven-pom" value="" />
    <property name="basedir" value="/home/ken/NetBeansProjects/atgas-implementations/atgas-store-neo4j" />
    <property name="libs.primefaces.maven-pom" value="" />
    <property name="java.vendor.ivy.instance" value="Sun Microsystems Inc." />
    <property name="libs.javaee-api-6.0.maven-pom" value="" />
    <property name="java.vm.info" value="mixed mode" />
    <property name="java.vendor.url.bug" value="http://bugreport.sun.com/bugreport/" />
    <property name="ivy.resolve.default.type.filter" value="*" />
    <property name="libs.junit.classpath" value="/home/ken/netbeans-7.1/java/modules/ext/junit-3.8.2.jar" />
    <property name="includes" value="**" />
    <property name="sun.cpu.isalist.ivy.instance" value="" />
    <property name="libs.sjmc-ant-utils.javadoc" value="" />
    <property name="java.runtime.version.ivy.instance" value="1.6.0_26-b03" />
    <property name="java.ext.dirs" value="/usr/local/jdk1.7.0_02/jre/lib/ext:/usr/java/packages/lib/ext" />
    <property name="libs.cdc-pp-awt-layout.javadoc" value="" />
    <property name="ivy.settings.dir" value="/home/ken/NetBeansProjects/atgas-implementations/atgas-store-neo4j" />
    <property name="path.separator" value=":" />
    <property name="java.specification.version.ivy.instance" value="1.6" />
    <property name="ivy.conf.file.ivy.instance" value="/home/ken/NetBeansProjects/atgas-implementations/atgas-store-neo4j/ivysettings.xml" />
    <property name="have.tests" value="true" />
    <property name="ivy.buildlist.ivyfilepath.ivy.instance" value="ivy.xml" />
    <property name="libs.jstl11.maven-pom" value="" />
    <property name="dist.javadoc.dir" value="dist/javadoc" />
    <property name="netbeans.system_http_non_proxy_hosts" value="" />
    <property name="libs.nb_svg_midp_components.classpath" value="/home/ken/netbeans-7.1/mobility/modules/ext/nb_svg_midp_components.jar" />
    <property name="file.separator" value="/" />
    <property name="libs.nb_svg_midp_components.javadoc" value="/home/ken/netbeans-7.1/mobility/modules/docs/nb_svg_midp_components-api.zip" />
    <property name="auxiliary.org-netbeans-modules-projectimport-eclipse-core.workspace" value="../.." />
    <property name="libs.jaxb.classpath" value="/home/ken/netbeans-7.1/ide/modules/ext/jaxb/jaxb-impl.jar:/home/ken/netbeans-7.1/ide/modules/ext/jaxb/jaxb-xjc.jar:/home/ken/netbeans-7.1/ide/modules/ext/jaxb/jaxb1-impl.jar:/home/ken/netbeans-7.1/ide/modules/ext/jaxb/activation.jar:/home/ken/netbeans-7.1/ide/modules/ext/jaxb/api/jaxb-api.jar:/home/ken/netbeans-7.1/ide/modules/ext/jaxb/api/jsr173_api.jar" />
    <property name="ivy.project.dir" value="/home/ken/NetBeansProjects/atgas-implementations/atgas-store-neo4j" />
    <property name="awt.toolkit" value="sun.awt.X11.XToolkit" />
    <property name="ivy.default.always.check.exact.revision.ivy.instance" value="false" />
    <property name="ivy.shared.default.root.ivy.instance" value="/home/ken/.netbeans/7.1/modules/ext/ivy-2.1.0.jar/shared" />
    <property name="libs.nokiadeployment.src" value="" />
    <property name="apple.laf.useScreenMenuBar" value="true" />
    <property name="jna.platform.library.path" value="/usr/lib32:/usr/lib:/lib" />
    <property name="platform.javadoc.tmp" value="${platforms.JDK_1.7.javadoc}" />
    <property name="netbeans.dynamic.classpath.ivy.instance" value="/home/ken/netbeans-7.1/platform/core/core.jar:/home/ken/netbeans-7.1/platform/core/org-openide-filesystems.jar:/home/ken/netbeans-7.1/platform/core/locale/core_pt_BR.jar:/home/ken/netbeans-7.1/platform/core/locale/org-openide-filesystems_ja.jar:/home/ken/netbeans-7.1/platform/core/locale/org-openide-filesystems_pt_BR.jar:/home/ken/netbeans-7.1/platform/core/locale/org-openide-filesystems_zh_CN.jar:/home/ken/netbeans-7.1/platform/core/locale/core_ja.jar:/home/ken/netbeans-7.1/platform/core/locale/org-openide-filesystems_ru.jar:/home/ken/netbeans-7.1/platform/core/locale/core_ru.jar:/home/ken/netbeans-7.1/platform/core/locale/core_zh_CN.jar:/home/ken/netbeans-7.1/nb/core/org-netbeans-upgrader.jar:/home/ken/netbeans-7.1/nb/core/locale/org-netbeans-upgrader_ja.jar:/home/ken/netbeans-7.1/nb/core/locale/core_nb_ja.jar:/home/ken/netbeans-7.1/nb/core/locale/core_nb_zh_CN.jar:/home/ken/netbeans-7.1/nb/core/locale/core_nb_ru.jar:/home/ken/netbeans-7.1/nb/core/locale/org-netbeans-upgrader_zh_CN.jar:/home/ken/netbeans-7.1/nb/core/locale/core_nb.jar:/home/ken/netbeans-7.1/nb/core/locale/org-netbeans-upgrader_ru.jar:/home/ken/netbeans-7.1/nb/core/locale/core_nb_pt_BR.jar:/home/ken/netbeans-7.1/nb/core/locale/org-netbeans-upgrader_pt_BR.jar" />
    <property name="ivy.organisation" value="atgas-store-neo4j" />
    <property name="annotation.processing.run.all.processors" value="true" />
    <property name="libs.eclipselink.maven-pom" value="" />
    <property name="old.run.test.classpath" value="../../atgas-core/atgas-store-interface/dist/atgas-store-interface.jar:/home/ken/netbeans-7.1/platform/modules/ext/junit-4.10.jar:build/classes:build/test/classes" />
    <property name="libs.restlib.src" value="" />
    <property name="auxiliary.org-netbeans-modules-projectimport-eclipse-core.timestamp" value="1310436019999" />
    <property name="auxiliary.org-netbeans-modules-projectimport-eclipse-core.project" value="." />
    <property name="libs.jakarta_slide_ant_webdav.src" value="" />
    <property name="libs.savaje-ant-utils.classpath" value="/home/ken/netbeans-7.1/mobility/modules/ext/org-netbeans-modules-j2me-cdc-project-savaje.jar" />
    <property name="ivy-publish.artifacts.pattern" value="/home/ken/NetBeansProjects/atgas-implementations/atgas-store-neo4j/dist/[artifact].[ext]" />
    <property name="libs.swing-layout.classpath" value="/home/ken/netbeans-7.1/platform/modules/ext/swing-layout-1.0.4.jar" />
    <property name="ivy.settings.url.ivy.instance" value="file:/home/ken/NetBeansProjects/atgas-implementations/atgas-store-neo4j/ivysettings.xml" />
    <property name="ivy.deps.changed" value="false" />
    <property name="libs.spring-framework.classpath" value="/home/ken/netbeans-7.1/ide/modules/org-apache-commons-logging.jar:/home/ken/netbeans-7.1/java/modules/ext/cglib-2.2.jar:/home/ken/netbeans-7.1/java/modules/ext/spring/spring-2.5.6.SEC01.jar" />
    <property name="libs.spring-webmvc.src" value="" />
    <property name="platform.java" value="/usr/local/jdk1.7.0_02/bin/java" />
    <property name="sun.java.launcher" value="SUN_STANDARD" />
    <property name="ivy.cache.dir.ivy.instance" value="/home/ken/.ivy2/cache" />
  </properties>
  <testcase classname="org.atgas.store.neo4j.StoreFactoryTest" name="testCreate" time="3.752">
    <failure message="expected:&lt;null&gt; but was:&lt;org.atgas.store.neo4j.StoreImplementation@2c189d&gt;" type="junit.framework.AssertionFailedError">junit.framework.AssertionFailedError: expected:&lt;null&gt; but was:&lt;org.atgas.store.neo4j.StoreImplementation@2c189d&gt;
	at org.atgas.store.neo4j.StoreFactoryTest.testCreate(StoreFactoryTest.java:45)
</failure>
  </testcase>
  <system-out><![CDATA[create
]]></system-out>
  <system-err><![CDATA[]]></system-err>
</testsuite>
